This file contains any messages produced by compilers while
running configure, to aid debugging if configure makes a mistake.

It was created by libtorrent-rasterbar configure 1.1.13, which was
generated by GNU Autoconf 2.69.  Invocation command line was

  $ ../configure --build=x86_64-linux-gnu --prefix=/usr --includedir=${prefix}/include --mandir=${prefix}/share/man --infodir=${prefix}/share/info --sysconfdir=/etc --localstatedir=/var --disable-silent-rules --libdir=${prefix}/lib/x86_64-linux-gnu --libexecdir=${prefix}/lib/x86_64-linux-gnu --disable-maintainer-mode --disable-dependency-tracking PYTHON=/usr/bin/python3.7 PYTHON_INSTALL_PARAMS=--root=/home/rtorrent/work/git/deluge_experiments_debian10/sources/libtorrent-rasterbar/1.1-wip/libtorrent-rasterbar-1.1.13/debian/tmp --install-layout=deb --enable-python-binding --with-boost-python=boost_python37 --with-libiconv --with-boost-libdir=/usr/lib/x86_64-linux-gnu

## --------- ##
## Platform. ##
## --------- ##

hostname = hetzner-plex
uname -m = x86_64
uname -r = 4.19.83-xanmod40
uname -s = Linux
uname -v = #1.191110 SMP PREEMPT Sun Nov 10 11:04:11 -03 2019

/usr/bin/uname -p = unknown
/bin/uname -X     = unknown

/bin/arch              = unknown
/usr/bin/arch -k       = unknown
/usr/convex/getsysinfo = unknown
/usr/bin/hostinfo      = unknown
/bin/machine           = unknown
/usr/bin/oslevel       = unknown
/bin/universe          = unknown

PATH: /usr/sbin
PATH: /usr/bin
PATH: /sbin
PATH: /bin
PATH: /usr/bin/X11


## ----------- ##
## Core tests. ##
## ----------- ##

configure:2452: checking whether make supports nested variables
configure:2469: result: yes
configure:2554: checking for gcc
configure:2570: found /usr/bin/gcc
configure:2581: result: gcc
configure:2810: checking for C compiler version
configure:2819: gcc --version >&5
gcc (Debian 8.3.0-6) 8.3.0
Copyright (C) 2018 Free Software Foundation, Inc.
This is free software; see the source for copying conditions.  There is NO
warranty; not even for MERCHANTABILITY or FITNESS FOR A PARTICULAR PURPOSE.

configure:2830: $? = 0
configure:2819: gcc -v >&5
Using built-in specs.
COLLECT_GCC=gcc
COLLECT_LTO_WRAPPER=/usr/lib/gcc/x86_64-linux-gnu/8/lto-wrapper
OFFLOAD_TARGET_NAMES=nvptx-none
OFFLOAD_TARGET_DEFAULT=1
Target: x86_64-linux-gnu
Configured with: ../src/configure -v --with-pkgversion='Debian 8.3.0-6' --with-bugurl=file:///usr/share/doc/gcc-8/README.Bugs --enable-languages=c,ada,c++,go,brig,d,fortran,objc,obj-c++ --prefix=/usr --with-gcc-major-version-only --program-suffix=-8 --program-prefix=x86_64-linux-gnu- --enable-shared --enable-linker-build-id --libexecdir=/usr/lib --without-included-gettext --enable-threads=posix --libdir=/usr/lib --enable-nls --enable-bootstrap --enable-clocale=gnu --enable-libstdcxx-debug --enable-libstdcxx-time=yes --with-default-libstdcxx-abi=new --enable-gnu-unique-object --disable-vtable-verify --enable-libmpx --enable-plugin --enable-default-pie --with-system-zlib --with-target-system-zlib --enable-objc-gc=auto --enable-multiarch --disable-werror --with-arch-32=i686 --with-abi=m64 --with-multilib-list=m32,m64,mx32 --enable-multilib --with-tune=generic --enable-offload-targets=nvptx-none --without-cuda-driver --enable-checking=release --build=x86_64-linux-gnu --host=x86_64-linux-gnu --target=x86_64-linux-gnu
Thread model: posix
gcc version 8.3.0 (Debian 8.3.0-6) 
configure:2830: $? = 0
configure:2819: gcc -V >&5
gcc: error: unrecognized command line option '-V'
gcc: fatal error: no input files
compilation terminated.
configure:2830: $? = 1
configure:2819: gcc -qversion >&5
gcc: error: unrecognized command line option '-qversion'; did you mean '--version'?
gcc: fatal error: no input files
compilation terminated.
configure:2830: $? = 1
configure:2850: checking whether the C compiler works
configure:2872: gcc -g -O2 -fdebug-prefix-map=/home/rtorrent/work/git/deluge_experiments_debian10/sources/libtorrent-rasterbar/1.1-wip/libtorrent-rasterbar-1.1.13=. -fstack-protector-strong -Wformat -Werror=format-security -Wdate-time -D_FORTIFY_SOURCE=2 -I/usr/include/python3.7m -I/usr/include/python3.7m -Wl,-z,relro -Wl,--as-needed conftest.c  >&5
configure:2876: $? = 0
configure:2924: result: yes
configure:2927: checking for C compiler default output file name
configure:2929: result: a.out
configure:2935: checking for suffix of executables
configure:2942: gcc -o conftest -g -O2 -fdebug-prefix-map=/home/rtorrent/work/git/deluge_experiments_debian10/sources/libtorrent-rasterbar/1.1-wip/libtorrent-rasterbar-1.1.13=. -fstack-protector-strong -Wformat -Werror=format-security -Wdate-time -D_FORTIFY_SOURCE=2 -I/usr/include/python3.7m -I/usr/include/python3.7m -Wl,-z,relro -Wl,--as-needed conftest.c  >&5
configure:2946: $? = 0
configure:2968: result: 
configure:2990: checking whether we are cross compiling
configure:2998: gcc -o conftest -g -O2 -fdebug-prefix-map=/home/rtorrent/work/git/deluge_experiments_debian10/sources/libtorrent-rasterbar/1.1-wip/libtorrent-rasterbar-1.1.13=. -fstack-protector-strong -Wformat -Werror=format-security -Wdate-time -D_FORTIFY_SOURCE=2 -I/usr/include/python3.7m -I/usr/include/python3.7m -Wl,-z,relro -Wl,--as-needed conftest.c  >&5
configure:3002: $? = 0
configure:3009: ./conftest
configure:3013: $? = 0
configure:3001: result: no
configure:3006: checking for suffix of object files
configure:3028: gcc -c -g -O2 -fdebug-prefix-map=/home/rtorrent/work/git/deluge_experiments_debian10/sources/libtorrent-rasterbar/1.1-wip/libtorrent-rasterbar-1.1.13=. -fstack-protector-strong -Wformat -Werror=format-security -Wdate-time -D_FORTIFY_SOURCE=2 -I/usr/include/python3.7m -I/usr/include/python3.7m conftest.c >&5
configure:3032: $? = 0
configure:3053: result: o
configure:3057: checking whether we are using the GNU C compiler
configure:3076: gcc -c -g -O2 -fdebug-prefix-map=/home/rtorrent/work/git/deluge_experiments_debian10/sources/libtorrent-rasterbar/1.1-wip/libtorrent-rasterbar-1.1.13=. -fstack-protector-strong -Wformat -Werror=format-security -Wdate-time -D_FORTIFY_SOURCE=2 -I/usr/include/python3.7m -I/usr/include/python3.7m conftest.c >&5
configure:3076: $? = 0
configure:3085: result: yes
configure:3094: checking whether gcc accepts -g
configure:3114: gcc -c -g -Wdate-time -D_FORTIFY_SOURCE=2 -I/usr/include/python3.7m -I/usr/include/python3.7m conftest.c >&5
configure:3114: $? = 0
configure:3155: result: yes
configure:3172: checking for gcc option to accept ISO C89
configure:3235: gcc  -c -g -O2 -fdebug-prefix-map=/home/rtorrent/work/git/deluge_experiments_debian10/sources/libtorrent-rasterbar/1.1-wip/libtorrent-rasterbar-1.1.13=. -fstack-protector-strong -Wformat -Werror=format-security -Wdate-time -D_FORTIFY_SOURCE=2 -I/usr/include/python3.7m -I/usr/include/python3.7m conftest.c >&5
configure:3235: $? = 0
configure:3248: result: none needed
configure:3276: checking whether gcc understands -c and -o together
configure:3298: gcc -c conftest.c -o conftest2.o
configure:3301: $? = 0
configure:3298: gcc -c conftest.c -o conftest2.o
configure:3301: $? = 0
configure:3313: result: yes
configure:3335: checking how to run the C preprocessor
configure:3366: gcc -E -Wdate-time -D_FORTIFY_SOURCE=2 -I/usr/include/python3.7m -I/usr/include/python3.7m conftest.c
configure:3366: $? = 0
configure:3380: gcc -E -Wdate-time -D_FORTIFY_SOURCE=2 -I/usr/include/python3.7m -I/usr/include/python3.7m conftest.c
conftest.c:9:10: fatal error: ac_nonexistent.h: No such file or directory
 #include <ac_nonexistent.h>
          ^~~~~~~~~~~~~~~~~~
compilation terminated.
configure:3380: $? = 1
configure: failed program was:
| /* confdefs.h */
| #define PACKAGE_NAME "libtorrent-rasterbar"
| #define PACKAGE_TARNAME "libtorrent-rasterbar"
| #define PACKAGE_VERSION "1.1.13"
| #define PACKAGE_STRING "libtorrent-rasterbar 1.1.13"
| #define PACKAGE_BUGREPORT "arvid@libtorrent.org"
| #define PACKAGE_URL "http://www.libtorrent.org"
| /* end confdefs.h.  */
| #include <ac_nonexistent.h>
configure:3405: result: gcc -E
configure:3425: gcc -E -Wdate-time -D_FORTIFY_SOURCE=2 -I/usr/include/python3.7m -I/usr/include/python3.7m conftest.c
configure:3425: $? = 0
configure:3439: gcc -E -Wdate-time -D_FORTIFY_SOURCE=2 -I/usr/include/python3.7m -I/usr/include/python3.7m conftest.c
conftest.c:9:10: fatal error: ac_nonexistent.h: No such file or directory
 #include <ac_nonexistent.h>
          ^~~~~~~~~~~~~~~~~~
compilation terminated.
configure:3439: $? = 1
configure: failed program was:
| /* confdefs.h */
| #define PACKAGE_NAME "libtorrent-rasterbar"
| #define PACKAGE_TARNAME "libtorrent-rasterbar"
| #define PACKAGE_VERSION "1.1.13"
| #define PACKAGE_STRING "libtorrent-rasterbar 1.1.13"
| #define PACKAGE_BUGREPORT "arvid@libtorrent.org"
| #define PACKAGE_URL "http://www.libtorrent.org"
| /* end confdefs.h.  */
| #include <ac_nonexistent.h>
configure:3468: checking whether gcc and cc understand -c and -o together
configure:3499: gcc -c conftest.c -o conftest2.o >&5
configure:3503: $? = 0
configure:3509: gcc -c conftest.c -o conftest2.o >&5
configure:3513: $? = 0
configure:3524: cc -c conftest.c >&5
configure:3528: $? = 0
configure:3536: cc -c conftest.c -o conftest2.o >&5
configure:3540: $? = 0
configure:3546: cc -c conftest.c -o conftest2.o >&5
configure:3550: $? = 0
configure:3568: result: yes
configure:3636: checking for g++
configure:3652: found /usr/bin/g++
configure:3663: result: g++
configure:3690: checking for C++ compiler version
configure:3699: g++ --version >&5
g++ (Debian 8.3.0-6) 8.3.0
Copyright (C) 2018 Free Software Foundation, Inc.
This is free software; see the source for copying conditions.  There is NO
warranty; not even for MERCHANTABILITY or FITNESS FOR A PARTICULAR PURPOSE.

configure:3710: $? = 0
configure:3699: g++ -v >&5
Using built-in specs.
COLLECT_GCC=g++
COLLECT_LTO_WRAPPER=/usr/lib/gcc/x86_64-linux-gnu/8/lto-wrapper
OFFLOAD_TARGET_NAMES=nvptx-none
OFFLOAD_TARGET_DEFAULT=1
Target: x86_64-linux-gnu
Configured with: ../src/configure -v --with-pkgversion='Debian 8.3.0-6' --with-bugurl=file:///usr/share/doc/gcc-8/README.Bugs --enable-languages=c,ada,c++,go,brig,d,fortran,objc,obj-c++ --prefix=/usr --with-gcc-major-version-only --program-suffix=-8 --program-prefix=x86_64-linux-gnu- --enable-shared --enable-linker-build-id --libexecdir=/usr/lib --without-included-gettext --enable-threads=posix --libdir=/usr/lib --enable-nls --enable-bootstrap --enable-clocale=gnu --enable-libstdcxx-debug --enable-libstdcxx-time=yes --with-default-libstdcxx-abi=new --enable-gnu-unique-object --disable-vtable-verify --enable-libmpx --enable-plugin --enable-default-pie --with-system-zlib --with-target-system-zlib --enable-objc-gc=auto --enable-multiarch --disable-werror --with-arch-32=i686 --with-abi=m64 --with-multilib-list=m32,m64,mx32 --enable-multilib --with-tune=generic --enable-offload-targets=nvptx-none --without-cuda-driver --enable-checking=release --build=x86_64-linux-gnu --host=x86_64-linux-gnu --target=x86_64-linux-gnu
Thread model: posix
gcc version 8.3.0 (Debian 8.3.0-6) 
configure:3710: $? = 0
configure:3699: g++ -V >&5
g++: error: unrecognized command line option '-V'
g++: fatal error: no input files
compilation terminated.
configure:3710: $? = 1
configure:3699: g++ -qversion >&5
g++: error: unrecognized command line option '-qversion'; did you mean '--version'?
g++: fatal error: no input files
compilation terminated.
configure:3710: $? = 1
configure:3714: checking whether we are using the GNU C++ compiler
configure:3733: g++ -c -g -O2 -fdebug-prefix-map=/home/rtorrent/work/git/deluge_experiments_debian10/sources/libtorrent-rasterbar/1.1-wip/libtorrent-rasterbar-1.1.13=. -fstack-protector-strong -Wformat -Werror=format-security -Wdate-time -D_FORTIFY_SOURCE=2 -I/usr/include/python3.7m -I/usr/include/python3.7m conftest.cpp >&5
configure:3733: $? = 0
configure:3742: result: yes
configure:3751: checking whether g++ accepts -g
configure:3771: g++ -c -g -Wdate-time -D_FORTIFY_SOURCE=2 -I/usr/include/python3.7m -I/usr/include/python3.7m conftest.cpp >&5
configure:3771: $? = 0
configure:3812: result: yes
configure:3840: checking how to run the C++ preprocessor
configure:3867: g++ -E -Wdate-time -D_FORTIFY_SOURCE=2 -I/usr/include/python3.7m -I/usr/include/python3.7m conftest.cpp
configure:3867: $? = 0
configure:3881: g++ -E -Wdate-time -D_FORTIFY_SOURCE=2 -I/usr/include/python3.7m -I/usr/include/python3.7m conftest.cpp
conftest.cpp:9:10: fatal error: ac_nonexistent.h: No such file or directory
 #include <ac_nonexistent.h>
          ^~~~~~~~~~~~~~~~~~
compilation terminated.
configure:3881: $? = 1
configure: failed program was:
| /* confdefs.h */
| #define PACKAGE_NAME "libtorrent-rasterbar"
| #define PACKAGE_TARNAME "libtorrent-rasterbar"
| #define PACKAGE_VERSION "1.1.13"
| #define PACKAGE_STRING "libtorrent-rasterbar 1.1.13"
| #define PACKAGE_BUGREPORT "arvid@libtorrent.org"
| #define PACKAGE_URL "http://www.libtorrent.org"
| /* end confdefs.h.  */
| #include <ac_nonexistent.h>
configure:3906: result: g++ -E
configure:3926: g++ -E -Wdate-time -D_FORTIFY_SOURCE=2 -I/usr/include/python3.7m -I/usr/include/python3.7m conftest.cpp
configure:3926: $? = 0
configure:3940: g++ -E -Wdate-time -D_FORTIFY_SOURCE=2 -I/usr/include/python3.7m -I/usr/include/python3.7m conftest.cpp
conftest.cpp:9:10: fatal error: ac_nonexistent.h: No such file or directory
 #include <ac_nonexistent.h>
          ^~~~~~~~~~~~~~~~~~
compilation terminated.
configure:3940: $? = 1
configure: failed program was:
| /* confdefs.h */
| #define PACKAGE_NAME "libtorrent-rasterbar"
| #define PACKAGE_TARNAME "libtorrent-rasterbar"
| #define PACKAGE_VERSION "1.1.13"
| #define PACKAGE_STRING "libtorrent-rasterbar 1.1.13"
| #define PACKAGE_BUGREPORT "arvid@libtorrent.org"
| #define PACKAGE_URL "http://www.libtorrent.org"
| /* end confdefs.h.  */
| #include <ac_nonexistent.h>
configure:3973: checking whether g++ understands -c and -o together
configure:3997: g++ -g -O2 -fdebug-prefix-map=/home/rtorrent/work/git/deluge_experiments_debian10/sources/libtorrent-rasterbar/1.1-wip/libtorrent-rasterbar-1.1.13=. -fstack-protector-strong -Wformat -Werror=format-security -c conftest.cpp -o conftest2.o >&5
configure:4001: $? = 0
configure:4008: g++ -g -O2 -fdebug-prefix-map=/home/rtorrent/work/git/deluge_experiments_debian10/sources/libtorrent-rasterbar/1.1-wip/libtorrent-rasterbar-1.1.13=. -fstack-protector-strong -Wformat -Werror=format-security -c conftest.cpp -o conftest2.o >&5
configure:4012: $? = 0
configure:4020: result: yes
configure:4040: checking build system type
configure:4054: result: x86_64-pc-linux-gnu
configure:4074: checking host system type
configure:4087: result: x86_64-pc-linux-gnu
configure:4107: checking target system type
configure:4120: result: x86_64-pc-linux-gnu
configure:4165: checking for a BSD-compatible install
configure:4233: result: /usr/bin/install -c
configure:4244: checking whether build environment is sane
configure:4299: result: yes
configure:4445: checking for a thread-safe mkdir -p
configure:4484: result: /bin/mkdir -p
configure:4491: checking for gawk
configure:4507: found /usr/bin/gawk
configure:4518: result: gawk
configure:4529: checking whether make sets $(MAKE)
configure:4551: result: yes
configure:4573: checking whether make supports the include directive
configure:4588: make -f confmf.GNU && cat confinc.out
make[2]: Entering directory '/home/rtorrent/work/git/deluge_experiments_debian10/sources/libtorrent-rasterbar/1.1-wip/libtorrent-rasterbar-1.1.13/build-py3.7'
make[2]: Leaving directory '/home/rtorrent/work/git/deluge_experiments_debian10/sources/libtorrent-rasterbar/1.1-wip/libtorrent-rasterbar-1.1.13/build-py3.7'
this is the am__doit target
configure:4591: $? = 0
configure:4610: result: yes (GNU style)
configure:4706: checking dependency style of gcc
configure:4817: result: none
configure:4834: checking dependency style of g++
configure:4945: result: none
configure:5004: checking whether to enable maintainer-specific portions of Makefiles
configure:5013: result: no
configure:5076: checking how to print strings
configure:5103: result: printf
configure:5124: checking for a sed that does not truncate output
configure:5188: result: /bin/sed
configure:5206: checking for grep that handles long lines and -e
configure:5264: result: /bin/grep
configure:5269: checking for egrep
configure:5331: result: /bin/grep -E
configure:5336: checking for fgrep
configure:5398: result: /bin/grep -F
configure:5433: checking for ld used by gcc
configure:5500: result: /usr/bin/ld
configure:5507: checking if the linker (/usr/bin/ld) is GNU ld
configure:5522: result: yes
configure:5534: checking for BSD- or MS-compatible name lister (nm)
configure:5588: result: /usr/bin/nm -B
configure:5718: checking the name lister (/usr/bin/nm -B) interface
configure:5725: gcc -c -g -O2 -fdebug-prefix-map=/home/rtorrent/work/git/deluge_experiments_debian10/sources/libtorrent-rasterbar/1.1-wip/libtorrent-rasterbar-1.1.13=. -fstack-protector-strong -Wformat -Werror=format-security -Wdate-time -D_FORTIFY_SOURCE=2 -I/usr/include/python3.7m -I/usr/include/python3.7m conftest.c >&5
configure:5728: /usr/bin/nm -B "conftest.o"
configure:5731: output
0000000000000000 B some_variable
configure:5732: result: BSD nm
configure:5735: checking whether ln -s works
configure:5739: result: yes
configure:5747: checking the maximum length of command line arguments
configure:5878: result: 1572864
configure:5926: checking how to convert x86_64-pc-linux-gnu file names to x86_64-pc-linux-gnu format
configure:5966: result: func_convert_file_noop
configure:5973: checking how to convert x86_64-pc-linux-gnu file names to toolchain format
configure:5993: result: func_convert_file_noop
configure:6000: checking for /usr/bin/ld option to reload object files
configure:6007: result: -r
configure:6081: checking for objdump
configure:6097: found /usr/bin/objdump
configure:6108: result: objdump
configure:6140: checking how to recognize dependent libraries
configure:6340: result: pass_all
configure:6425: checking for dlltool
configure:6455: result: no
configure:6485: checking how to associate runtime and link libraries
configure:6512: result: printf %s\n
configure:6573: checking for ar
configure:6589: found /usr/bin/ar
configure:6600: result: ar
configure:6637: checking for archiver @FILE support
configure:6654: gcc -c -g -O2 -fdebug-prefix-map=/home/rtorrent/work/git/deluge_experiments_debian10/sources/libtorrent-rasterbar/1.1-wip/libtorrent-rasterbar-1.1.13=. -fstack-protector-strong -Wformat -Werror=format-security -Wdate-time -D_FORTIFY_SOURCE=2 -I/usr/include/python3.7m -I/usr/include/python3.7m conftest.c >&5
configure:6654: $? = 0
configure:6657: ar cru libconftest.a @conftest.lst >&5
ar: `u' modifier ignored since `D' is the default (see `U')
configure:6660: $? = 0
configure:6665: ar cru libconftest.a @conftest.lst >&5
ar: `u' modifier ignored since `D' is the default (see `U')
ar: conftest.o: No such file or directory
configure:6668: $? = 1
configure:6667: result: @
configure:6725: checking for strip
configure:6741: found /usr/bin/strip
configure:6752: result: strip
configure:6824: checking for ranlib
configure:6840: found /usr/bin/ranlib
configure:6851: result: ranlib
configure:6953: checking command to parse /usr/bin/nm -B output from gcc object
configure:7106: gcc -c -g -O2 -fdebug-prefix-map=/home/rtorrent/work/git/deluge_experiments_debian10/sources/libtorrent-rasterbar/1.1-wip/libtorrent-rasterbar-1.1.13=. -fstack-protector-strong -Wformat -Werror=format-security -Wdate-time -D_FORTIFY_SOURCE=2 -I/usr/include/python3.7m -I/usr/include/python3.7m conftest.c >&5
configure:7109: $? = 0
configure:7113: /usr/bin/nm -B conftest.o | sed -n -e 's/^.*[	 ]\([ABCDGIRSTW][ABCDGIRSTW]*\)[	 ][	 ]*\([_A-Za-z][_A-Za-z0-9]*\)$/\1 \2 \2/p' | sed '/ __gnu_lto/d' > conftest.nm
configure:7179: gcc -o conftest -g -O2 -fdebug-prefix-map=/home/rtorrent/work/git/deluge_experiments_debian10/sources/libtorrent-rasterbar/1.1-wip/libtorrent-rasterbar-1.1.13=. -fstack-protector-strong -Wformat -Werror=format-security -Wdate-time -D_FORTIFY_SOURCE=2 -I/usr/include/python3.7m -I/usr/include/python3.7m -Wl,-z,relro -Wl,--as-needed conftest.c conftstm.o >&5
configure:7182: $? = 0
configure:7220: result: ok
configure:7267: checking for sysroot
configure:7297: result: no
configure:7304: checking for a working dd
configure:7342: result: /bin/dd
configure:7346: checking how to truncate binary pipes
configure:7361: result: /bin/dd bs=4096 count=1
configure:7497: gcc -c -g -O2 -fdebug-prefix-map=/home/rtorrent/work/git/deluge_experiments_debian10/sources/libtorrent-rasterbar/1.1-wip/libtorrent-rasterbar-1.1.13=. -fstack-protector-strong -Wformat -Werror=format-security -Wdate-time -D_FORTIFY_SOURCE=2 -I/usr/include/python3.7m -I/usr/include/python3.7m conftest.c >&5
configure:7500: $? = 0
configure:7690: checking for mt
configure:7706: found /bin/mt
configure:7717: result: mt
configure:7740: checking if mt is a manifest tool
configure:7746: mt '-?'
configure:7754: result: no
configure:8427: checking for ANSI C header files
configure:8447: gcc -c -g -O2 -fdebug-prefix-map=/home/rtorrent/work/git/deluge_experiments_debian10/sources/libtorrent-rasterbar/1.1-wip/libtorrent-rasterbar-1.1.13=. -fstack-protector-strong -Wformat -Werror=format-security -Wdate-time -D_FORTIFY_SOURCE=2 -I/usr/include/python3.7m -I/usr/include/python3.7m conftest.c >&5
configure:8447: $? = 0
configure:8520: gcc -o conftest -g -O2 -fdebug-prefix-map=/home/rtorrent/work/git/deluge_experiments_debian10/sources/libtorrent-rasterbar/1.1-wip/libtorrent-rasterbar-1.1.13=. -fstack-protector-strong -Wformat -Werror=format-security -Wdate-time -D_FORTIFY_SOURCE=2 -I/usr/include/python3.7m -I/usr/include/python3.7m -Wl,-z,relro -Wl,--as-needed conftest.c  >&5
configure:8520: $? = 0
configure:8520: ./conftest
configure:8520: $? = 0
configure:8531: result: yes
configure:8544: checking for sys/types.h
configure:8544: gcc -c -g -O2 -fdebug-prefix-map=/home/rtorrent/work/git/deluge_experiments_debian10/sources/libtorrent-rasterbar/1.1-wip/libtorrent-rasterbar-1.1.13=. -fstack-protector-strong -Wformat -Werror=format-security -Wdate-time -D_FORTIFY_SOURCE=2 -I/usr/include/python3.7m -I/usr/include/python3.7m conftest.c >&5
configure:8544: $? = 0
configure:8544: result: yes
configure:8544: checking for sys/stat.h
configure:8544: gcc -c -g -O2 -fdebug-prefix-map=/home/rtorrent/work/git/deluge_experiments_debian10/sources/libtorrent-rasterbar/1.1-wip/libtorrent-rasterbar-1.1.13=. -fstack-protector-strong -Wformat -Werror=format-security -Wdate-time -D_FORTIFY_SOURCE=2 -I/usr/include/python3.7m -I/usr/include/python3.7m conftest.c >&5
configure:8544: $? = 0
configure:8544: result: yes
configure:8544: checking for stdlib.h
configure:8544: gcc -c -g -O2 -fdebug-prefix-map=/home/rtorrent/work/git/deluge_experiments_debian10/sources/libtorrent-rasterbar/1.1-wip/libtorrent-rasterbar-1.1.13=. -fstack-protector-strong -Wformat -Werror=format-security -Wdate-time -D_FORTIFY_SOURCE=2 -I/usr/include/python3.7m -I/usr/include/python3.7m conftest.c >&5
configure:8544: $? = 0
configure:8544: result: yes
configure:8544: checking for string.h
configure:8544: gcc -c -g -O2 -fdebug-prefix-map=/home/rtorrent/work/git/deluge_experiments_debian10/sources/libtorrent-rasterbar/1.1-wip/libtorrent-rasterbar-1.1.13=. -fstack-protector-strong -Wformat -Werror=format-security -Wdate-time -D_FORTIFY_SOURCE=2 -I/usr/include/python3.7m -I/usr/include/python3.7m conftest.c >&5
configure:8544: $? = 0
configure:8544: result: yes
configure:8544: checking for memory.h
configure:8544: gcc -c -g -O2 -fdebug-prefix-map=/home/rtorrent/work/git/deluge_experiments_debian10/sources/libtorrent-rasterbar/1.1-wip/libtorrent-rasterbar-1.1.13=. -fstack-protector-strong -Wformat -Werror=format-security -Wdate-time -D_FORTIFY_SOURCE=2 -I/usr/include/python3.7m -I/usr/include/python3.7m conftest.c >&5
configure:8544: $? = 0
configure:8544: result: yes
configure:8544: checking for strings.h
configure:8544: gcc -c -g -O2 -fdebug-prefix-map=/home/rtorrent/work/git/deluge_experiments_debian10/sources/libtorrent-rasterbar/1.1-wip/libtorrent-rasterbar-1.1.13=. -fstack-protector-strong -Wformat -Werror=format-security -Wdate-time -D_FORTIFY_SOURCE=2 -I/usr/include/python3.7m -I/usr/include/python3.7m conftest.c >&5
configure:8544: $? = 0
configure:8544: result: yes
configure:8544: checking for inttypes.h
configure:8544: gcc -c -g -O2 -fdebug-prefix-map=/home/rtorrent/work/git/deluge_experiments_debian10/sources/libtorrent-rasterbar/1.1-wip/libtorrent-rasterbar-1.1.13=. -fstack-protector-strong -Wformat -Werror=format-security -Wdate-time -D_FORTIFY_SOURCE=2 -I/usr/include/python3.7m -I/usr/include/python3.7m conftest.c >&5
configure:8544: $? = 0
configure:8544: result: yes
configure:8544: checking for stdint.h
configure:8544: gcc -c -g -O2 -fdebug-prefix-map=/home/rtorrent/work/git/deluge_experiments_debian10/sources/libtorrent-rasterbar/1.1-wip/libtorrent-rasterbar-1.1.13=. -fstack-protector-strong -Wformat -Werror=format-security -Wdate-time -D_FORTIFY_SOURCE=2 -I/usr/include/python3.7m -I/usr/include/python3.7m conftest.c >&5
configure:8544: $? = 0
configure:8544: result: yes
configure:8544: checking for unistd.h
configure:8544: gcc -c -g -O2 -fdebug-prefix-map=/home/rtorrent/work/git/deluge_experiments_debian10/sources/libtorrent-rasterbar/1.1-wip/libtorrent-rasterbar-1.1.13=. -fstack-protector-strong -Wformat -Werror=format-security -Wdate-time -D_FORTIFY_SOURCE=2 -I/usr/include/python3.7m -I/usr/include/python3.7m conftest.c >&5
configure:8544: $? = 0
configure:8544: result: yes
configure:8558: checking for dlfcn.h
configure:8558: gcc -c -g -O2 -fdebug-prefix-map=/home/rtorrent/work/git/deluge_experiments_debian10/sources/libtorrent-rasterbar/1.1-wip/libtorrent-rasterbar-1.1.13=. -fstack-protector-strong -Wformat -Werror=format-security -Wdate-time -D_FORTIFY_SOURCE=2 -I/usr/include/python3.7m -I/usr/include/python3.7m conftest.c >&5
configure:8558: $? = 0
configure:8558: result: yes
configure:8825: checking for objdir
configure:8840: result: .libs
configure:9104: checking if gcc supports -fno-rtti -fno-exceptions
configure:9122: gcc -c -g -O2 -fdebug-prefix-map=/home/rtorrent/work/git/deluge_experiments_debian10/sources/libtorrent-rasterbar/1.1-wip/libtorrent-rasterbar-1.1.13=. -fstack-protector-strong -Wformat -Werror=format-security -Wdate-time -D_FORTIFY_SOURCE=2 -I/usr/include/python3.7m -I/usr/include/python3.7m -fno-rtti -fno-exceptions conftest.c >&5
cc1: warning: command line option '-fno-rtti' is valid for C++/ObjC++ but not for C
configure:9126: $? = 0
configure:9139: result: no
configure:9497: checking for gcc option to produce PIC
configure:9504: result: -fPIC -DPIC
configure:9512: checking if gcc PIC flag -fPIC -DPIC works
configure:9530: gcc -c -g -O2 -fdebug-prefix-map=/home/rtorrent/work/git/deluge_experiments_debian10/sources/libtorrent-rasterbar/1.1-wip/libtorrent-rasterbar-1.1.13=. -fstack-protector-strong -Wformat -Werror=format-security -Wdate-time -D_FORTIFY_SOURCE=2 -I/usr/include/python3.7m -I/usr/include/python3.7m -fPIC -DPIC -DPIC conftest.c >&5
configure:9534: $? = 0
configure:9547: result: yes
configure:9576: checking if gcc static flag -static works
configure:9604: result: yes
configure:9619: checking if gcc supports -c -o file.o
configure:9640: gcc -c -g -O2 -fdebug-prefix-map=/home/rtorrent/work/git/deluge_experiments_debian10/sources/libtorrent-rasterbar/1.1-wip/libtorrent-rasterbar-1.1.13=. -fstack-protector-strong -Wformat -Werror=format-security -Wdate-time -D_FORTIFY_SOURCE=2 -I/usr/include/python3.7m -I/usr/include/python3.7m -o out/conftest2.o conftest.c >&5
configure:9644: $? = 0
configure:9666: result: yes
configure:9674: checking if gcc supports -c -o file.o
configure:9721: result: yes
configure:9754: checking whether the gcc linker (/usr/bin/ld -m elf_x86_64) supports shared libraries
configure:11017: result: yes
configure:11054: checking whether -lc should be explicitly linked in
configure:11062: gcc -c -g -O2 -fdebug-prefix-map=/home/rtorrent/work/git/deluge_experiments_debian10/sources/libtorrent-rasterbar/1.1-wip/libtorrent-rasterbar-1.1.13=. -fstack-protector-strong -Wformat -Werror=format-security -Wdate-time -D_FORTIFY_SOURCE=2 -I/usr/include/python3.7m -I/usr/include/python3.7m conftest.c >&5
configure:11065: $? = 0
configure:11080: gcc -shared  -fPIC -DPIC conftest.o  -v -Wl,-soname -Wl,conftest -o conftest 2\>\&1 \| /bin/grep  -lc  \>/dev/null 2\>\&1
configure:11083: $? = 0
configure:11097: result: no
configure:11257: checking dynamic linker characteristics
configure:11838: gcc -o conftest -g -O2 -fdebug-prefix-map=/home/rtorrent/work/git/deluge_experiments_debian10/sources/libtorrent-rasterbar/1.1-wip/libtorrent-rasterbar-1.1.13=. -fstack-protector-strong -Wformat -Werror=format-security -Wdate-time -D_FORTIFY_SOURCE=2 -I/usr/include/python3.7m -I/usr/include/python3.7m -Wl,-z,relro -Wl,--as-needed -Wl,-rpath -Wl,/foo conftest.c  >&5
configure:11838: $? = 0
configure:12087: result: GNU/Linux ld.so
configure:12209: checking how to hardcode library paths into programs
configure:12234: result: immediate
configure:12782: checking whether stripping libraries is possible
configure:12787: result: yes
configure:12822: checking if libtool supports shared libraries
configure:12824: result: yes
configure:12827: checking whether to build shared libraries
configure:12852: result: yes
configure:12855: checking whether to build static libraries
configure:12859: result: yes
configure:9658: checking how to run the C++ preprocessor
configure:9724: result: g++ -E
configure:9744: g++ -E -Wdate-time -D_FORTIFY_SOURCE=2 -I/usr/include/python3.7m -I/usr/include/python3.7m conftest.cpp
configure:9744: $? = 0
configure:9758: g++ -E -Wdate-time -D_FORTIFY_SOURCE=2 -I/usr/include/python3.7m -I/usr/include/python3.7m conftest.cpp
conftest.cpp:23:10: fatal error: ac_nonexistent.h: No such file or directory
 #include <ac_nonexistent.h>
          ^~~~~~~~~~~~~~~~~~
compilation terminated.
configure:9758: $? = 1
configure: failed program was:
| /* confdefs.h */
| #define PACKAGE_NAME "libtorrent-rasterbar"
| #define PACKAGE_TARNAME "libtorrent-rasterbar"
| #define PACKAGE_VERSION "1.1.13"
| #define PACKAGE_STRING "libtorrent-rasterbar 1.1.13"
| #define PACKAGE_BUGREPORT "arvid@libtorrent.org"
| #define PACKAGE_URL "http://www.libtorrent.org"
| #define PACKAGE "libtorrent-rasterbar"
| #define VERSION "1.1.13"
| #define STDC_HEADERS 1
| #define HAVE_SYS_TYPES_H 1
| #define HAVE_SYS_STAT_H 1
| #define HAVE_STDLIB_H 1
| #define HAVE_STRING_H 1
| #define HAVE_MEMORY_H 1
| #define HAVE_STRINGS_H 1
| #define HAVE_INTTYPES_H 1
| #define HAVE_STDINT_H 1
| #define HAVE_UNISTD_H 1
| #define HAVE_DLFCN_H 1
| #define LT_OBJDIR ".libs/"
| /* end confdefs.h.  */
| #include <ac_nonexistent.h>
configure:9920: checking for ld used by g++
configure:9987: result: /usr/bin/ld -m elf_x86_64
configure:9994: checking if the linker (/usr/bin/ld -m elf_x86_64) is GNU ld
configure:10009: result: yes
configure:10064: checking whether the g++ linker (/usr/bin/ld -m elf_x86_64) supports shared libraries
configure:11137: result: yes
configure:11173: g++ -c -g -O2 -fdebug-prefix-map=/home/rtorrent/work/git/deluge_experiments_debian10/sources/libtorrent-rasterbar/1.1-wip/libtorrent-rasterbar-1.1.13=. -fstack-protector-strong -Wformat -Werror=format-security -Wdate-time -D_FORTIFY_SOURCE=2 -I/usr/include/python3.7m -I/usr/include/python3.7m conftest.cpp >&5
configure:11176: $? = 0
configure:11657: checking for g++ option to produce PIC
configure:11664: result: -fPIC -DPIC
configure:11672: checking if g++ PIC flag -fPIC -DPIC works
configure:11690: g++ -c -g -O2 -fdebug-prefix-map=/home/rtorrent/work/git/deluge_experiments_debian10/sources/libtorrent-rasterbar/1.1-wip/libtorrent-rasterbar-1.1.13=. -fstack-protector-strong -Wformat -Werror=format-security -Wdate-time -D_FORTIFY_SOURCE=2 -I/usr/include/python3.7m -I/usr/include/python3.7m -fPIC -DPIC -DPIC conftest.cpp >&5
configure:11694: $? = 0
configure:11707: result: yes
configure:11730: checking if g++ static flag -static works
configure:11758: result: yes
configure:11770: checking if g++ supports -c -o file.o
configure:11791: g++ -c -g -O2 -fdebug-prefix-map=/home/rtorrent/work/git/deluge_experiments_debian10/sources/libtorrent-rasterbar/1.1-wip/libtorrent-rasterbar-1.1.13=. -fstack-protector-strong -Wformat -Werror=format-security -Wdate-time -D_FORTIFY_SOURCE=2 -I/usr/include/python3.7m -I/usr/include/python3.7m -o out/conftest2.o conftest.cpp >&5
configure:11795: $? = 0
configure:11817: result: yes
configure:11822: checking if g++ supports -c -o file.o
configure:11869: result: yes
configure:11899: checking whether the g++ linker (/usr/bin/ld -m elf_x86_64) supports shared libraries
configure:11942: result: yes
configure:12083: checking dynamic linker characteristics
configure:12840: result: GNU/Linux ld.so
configure:12905: checking how to hardcode library paths into programs
configure:12930: result: immediate
configure:11996: checking for the pthreads library -lpthreads
configure:12029: gcc -o conftest -g -O2 -fdebug-prefix-map=/home/rtorrent/work/git/deluge_experiments_debian10/sources/libtorrent-rasterbar/1.1-wip/libtorrent-rasterbar-1.1.13=. -fstack-protector-strong -Wformat -Werror=format-security  -Wdate-time -D_FORTIFY_SOURCE=2 -I/usr/include/python3.7m -I/usr/include/python3.7m -Wl,-z,relro -Wl,--as-needed conftest.c -lpthreads  >&5
conftest.c: In function 'main':
conftest.c:28:22: warning: null argument where non-null required (argument 1) [-Wnonnull]
                      pthread_attr_init(0); pthread_cleanup_push(0, 0);
                      ^~~~~~~~~~~~~~~~~
conftest.c:29:22: warning: null argument where non-null required (argument 1) [-Wnonnull]
                      pthread_create(0,0,0,0); pthread_cleanup_pop(0);
                      ^~~~~~~~~~~~~~
conftest.c:29:22: warning: null argument where non-null required (argument 3) [-Wnonnull]
/usr/bin/ld: cannot find -lpthreads
collect2: error: ld returned 1 exit status
configure:12029: $? = 1
configure: failed program was:
| /* confdefs.h */
| #define PACKAGE_NAME "libtorrent-rasterbar"
| #define PACKAGE_TARNAME "libtorrent-rasterbar"
| #define PACKAGE_VERSION "1.1.13"
| #define PACKAGE_STRING "libtorrent-rasterbar 1.1.13"
| #define PACKAGE_BUGREPORT "arvid@libtorrent.org"
| #define PACKAGE_URL "http://www.libtorrent.org"
| #define PACKAGE "libtorrent-rasterbar"
| #define VERSION "1.1.13"
| #define STDC_HEADERS 1
| #define HAVE_SYS_TYPES_H 1
| #define HAVE_SYS_STAT_H 1
| #define HAVE_STDLIB_H 1
| #define HAVE_STRING_H 1
| #define HAVE_MEMORY_H 1
| #define HAVE_STRINGS_H 1
| #define HAVE_INTTYPES_H 1
| #define HAVE_STDINT_H 1
| #define HAVE_UNISTD_H 1
| #define HAVE_DLFCN_H 1
| #define LT_OBJDIR ".libs/"
| /* end confdefs.h.  */
| #include <pthread.h>
| int
| main ()
| {
| pthread_t th; pthread_join(th, 0);
|                      pthread_attr_init(0); pthread_cleanup_push(0, 0);
|                      pthread_create(0,0,0,0); pthread_cleanup_pop(0);
|   ;
|   return 0;
| }
configure:12038: result: no
configure:11941: checking whether pthreads work without any flags
configure:12029: gcc -o conftest -g -O2 -fdebug-prefix-map=/home/rtorrent/work/git/deluge_experiments_debian10/sources/libtorrent-rasterbar/1.1-wip/libtorrent-rasterbar-1.1.13=. -fstack-protector-strong -Wformat -Werror=format-security  -Wdate-time -D_FORTIFY_SOURCE=2 -I/usr/include/python3.7m -I/usr/include/python3.7m -Wl,-z,relro -Wl,--as-needed conftest.c   >&5
conftest.c: In function 'main':
conftest.c:28:22: warning: null argument where non-null required (argument 1) [-Wnonnull]
                      pthread_attr_init(0); pthread_cleanup_push(0, 0);
                      ^~~~~~~~~~~~~~~~~
conftest.c:29:22: warning: null argument where non-null required (argument 1) [-Wnonnull]
                      pthread_create(0,0,0,0); pthread_cleanup_pop(0);
                      ^~~~~~~~~~~~~~
conftest.c:29:22: warning: null argument where non-null required (argument 3) [-Wnonnull]
/usr/bin/ld: /tmp/ccrATig2.o: in function `main':
./build-py3.7/conftest.c:27: undefined reference to `pthread_join'
/usr/bin/ld: ./build-py3.7/conftest.c:28: undefined reference to `__pthread_register_cancel'
/usr/bin/ld: ./build-py3.7/conftest.c:29: undefined reference to `pthread_create'
/usr/bin/ld: ./build-py3.7/conftest.c:29: undefined reference to `__pthread_unregister_cancel'
collect2: error: ld returned 1 exit status
configure:12029: $? = 1
configure: failed program was:
| /* confdefs.h */
| #define PACKAGE_NAME "libtorrent-rasterbar"
| #define PACKAGE_TARNAME "libtorrent-rasterbar"
| #define PACKAGE_VERSION "1.1.13"
| #define PACKAGE_STRING "libtorrent-rasterbar 1.1.13"
| #define PACKAGE_BUGREPORT "arvid@libtorrent.org"
| #define PACKAGE_URL "http://www.libtorrent.org"
| #define PACKAGE "libtorrent-rasterbar"
| #define VERSION "1.1.13"
| #define STDC_HEADERS 1
| #define HAVE_SYS_TYPES_H 1
| #define HAVE_SYS_STAT_H 1
| #define HAVE_STDLIB_H 1
| #define HAVE_STRING_H 1
| #define HAVE_MEMORY_H 1
| #define HAVE_STRINGS_H 1
| #define HAVE_INTTYPES_H 1
| #define HAVE_STDINT_H 1
| #define HAVE_UNISTD_H 1
| #define HAVE_DLFCN_H 1
| #define LT_OBJDIR ".libs/"
| /* end confdefs.h.  */
| #include <pthread.h>
| int
| main ()
| {
| pthread_t th; pthread_join(th, 0);
|                      pthread_attr_init(0); pthread_cleanup_push(0, 0);
|                      pthread_create(0,0,0,0); pthread_cleanup_pop(0);
|   ;
|   return 0;
| }
configure:12038: result: no
configure:11946: checking whether pthreads work with -Kthread
configure:12029: gcc -o conftest -g -O2 -fdebug-prefix-map=/home/rtorrent/work/git/deluge_experiments_debian10/sources/libtorrent-rasterbar/1.1-wip/libtorrent-rasterbar-1.1.13=. -fstack-protector-strong -Wformat -Werror=format-security -Kthread -Wdate-time -D_FORTIFY_SOURCE=2 -I/usr/include/python3.7m -I/usr/include/python3.7m -Wl,-z,relro -Wl,--as-needed conftest.c   >&5
gcc: error: unrecognized command line option '-Kthread'; did you mean '-pthread'?
configure:12029: $? = 1
configure: failed program was:
| /* confdefs.h */
| #define PACKAGE_NAME "libtorrent-rasterbar"
| #define PACKAGE_TARNAME "libtorrent-rasterbar"
| #define PACKAGE_VERSION "1.1.13"
| #define PACKAGE_STRING "libtorrent-rasterbar 1.1.13"
| #define PACKAGE_BUGREPORT "arvid@libtorrent.org"
| #define PACKAGE_URL "http://www.libtorrent.org"
| #define PACKAGE "libtorrent-rasterbar"
| #define VERSION "1.1.13"
| #define STDC_HEADERS 1
| #define HAVE_SYS_TYPES_H 1
| #define HAVE_SYS_STAT_H 1
| #define HAVE_STDLIB_H 1
| #define HAVE_STRING_H 1
| #define HAVE_MEMORY_H 1
| #define HAVE_STRINGS_H 1
| #define HAVE_INTTYPES_H 1
| #define HAVE_STDINT_H 1
| #define HAVE_UNISTD_H 1
| #define HAVE_DLFCN_H 1
| #define LT_OBJDIR ".libs/"
| /* end confdefs.h.  */
| #include <pthread.h>
| int
| main ()
| {
| pthread_t th; pthread_join(th, 0);
|                      pthread_attr_init(0); pthread_cleanup_push(0, 0);
|                      pthread_create(0,0,0,0); pthread_cleanup_pop(0);
|   ;
|   return 0;
| }
configure:12038: result: no
configure:11946: checking whether pthreads work with -kthread
configure:12029: gcc -o conftest -g -O2 -fdebug-prefix-map=/home/rtorrent/work/git/deluge_experiments_debian10/sources/libtorrent-rasterbar/1.1-wip/libtorrent-rasterbar-1.1.13=. -fstack-protector-strong -Wformat -Werror=format-security -kthread -Wdate-time -D_FORTIFY_SOURCE=2 -I/usr/include/python3.7m -I/usr/include/python3.7m -Wl,-z,relro -Wl,--as-needed conftest.c   >&5
gcc: error: unrecognized command line option '-kthread'; did you mean '-pthread'?
configure:12029: $? = 1
configure: failed program was:
| /* confdefs.h */
| #define PACKAGE_NAME "libtorrent-rasterbar"
| #define PACKAGE_TARNAME "libtorrent-rasterbar"
| #define PACKAGE_VERSION "1.1.13"
| #define PACKAGE_STRING "libtorrent-rasterbar 1.1.13"
| #define PACKAGE_BUGREPORT "arvid@libtorrent.org"
| #define PACKAGE_URL "http://www.libtorrent.org"
| #define PACKAGE "libtorrent-rasterbar"
| #define VERSION "1.1.13"
| #define STDC_HEADERS 1
| #define HAVE_SYS_TYPES_H 1
| #define HAVE_SYS_STAT_H 1
| #define HAVE_STDLIB_H 1
| #define HAVE_STRING_H 1
| #define HAVE_MEMORY_H 1
| #define HAVE_STRINGS_H 1
| #define HAVE_INTTYPES_H 1
| #define HAVE_STDINT_H 1
| #define HAVE_UNISTD_H 1
| #define HAVE_DLFCN_H 1
| #define LT_OBJDIR ".libs/"
| /* end confdefs.h.  */
| #include <pthread.h>
| int
| main ()
| {
| pthread_t th; pthread_join(th, 0);
|                      pthread_attr_init(0); pthread_cleanup_push(0, 0);
|                      pthread_create(0,0,0,0); pthread_cleanup_pop(0);
|   ;
|   return 0;
| }
configure:12038: result: no
configure:11996: checking for the pthreads library -llthread
configure:12029: gcc -o conftest -g -O2 -fdebug-prefix-map=/home/rtorrent/work/git/deluge_experiments_debian10/sources/libtorrent-rasterbar/1.1-wip/libtorrent-rasterbar-1.1.13=. -fstack-protector-strong -Wformat -Werror=format-security  -Wdate-time -D_FORTIFY_SOURCE=2 -I/usr/include/python3.7m -I/usr/include/python3.7m -Wl,-z,relro -Wl,--as-needed conftest.c -llthread  >&5
conftest.c: In function 'main':
conftest.c:28:22: warning: null argument where non-null required (argument 1) [-Wnonnull]
                      pthread_attr_init(0); pthread_cleanup_push(0, 0);
                      ^~~~~~~~~~~~~~~~~
conftest.c:29:22: warning: null argument where non-null required (argument 1) [-Wnonnull]
                      pthread_create(0,0,0,0); pthread_cleanup_pop(0);
                      ^~~~~~~~~~~~~~
conftest.c:29:22: warning: null argument where non-null required (argument 3) [-Wnonnull]
/usr/bin/ld: cannot find -llthread
collect2: error: ld returned 1 exit status
configure:12029: $? = 1
configure: failed program was:
| /* confdefs.h */
| #define PACKAGE_NAME "libtorrent-rasterbar"
| #define PACKAGE_TARNAME "libtorrent-rasterbar"
| #define PACKAGE_VERSION "1.1.13"
| #define PACKAGE_STRING "libtorrent-rasterbar 1.1.13"
| #define PACKAGE_BUGREPORT "arvid@libtorrent.org"
| #define PACKAGE_URL "http://www.libtorrent.org"
| #define PACKAGE "libtorrent-rasterbar"
| #define VERSION "1.1.13"
| #define STDC_HEADERS 1
| #define HAVE_SYS_TYPES_H 1
| #define HAVE_SYS_STAT_H 1
| #define HAVE_STDLIB_H 1
| #define HAVE_STRING_H 1
| #define HAVE_MEMORY_H 1
| #define HAVE_STRINGS_H 1
| #define HAVE_INTTYPES_H 1
| #define HAVE_STDINT_H 1
| #define HAVE_UNISTD_H 1
| #define HAVE_DLFCN_H 1
| #define LT_OBJDIR ".libs/"
| /* end confdefs.h.  */
| #include <pthread.h>
| int
| main ()
| {
| pthread_t th; pthread_join(th, 0);
|                      pthread_attr_init(0); pthread_cleanup_push(0, 0);
|                      pthread_create(0,0,0,0); pthread_cleanup_pop(0);
|   ;
|   return 0;
| }
configure:12038: result: no
configure:11946: checking whether pthreads work with -lpthread
configure:12029: gcc -o conftest -g -O2 -fdebug-prefix-map=/home/rtorrent/work/git/deluge_experiments_debian10/sources/libtorrent-rasterbar/1.1-wip/libtorrent-rasterbar-1.1.13=. -fstack-protector-strong -Wformat -Werror=format-security -lpthread -Wdate-time -D_FORTIFY_SOURCE=2 -I/usr/include/python3.7m -I/usr/include/python3.7m -Wl,-z,relro -Wl,--as-needed conftest.c   >&5
conftest.c: In function 'main':
conftest.c:28:22: warning: null argument where non-null required (argument 1) [-Wnonnull]
                      pthread_attr_init(0); pthread_cleanup_push(0, 0);
                      ^~~~~~~~~~~~~~~~~
conftest.c:29:22: warning: null argument where non-null required (argument 1) [-Wnonnull]
                      pthread_create(0,0,0,0); pthread_cleanup_pop(0);
                      ^~~~~~~~~~~~~~
conftest.c:29:22: warning: null argument where non-null required (argument 3) [-Wnonnull]
configure:12029: $? = 0
configure:12038: result: yes
configure:12057: checking for joinable pthread attribute
configure:12072: gcc -o conftest -g -O2 -fdebug-prefix-map=/home/rtorrent/work/git/deluge_experiments_debian10/sources/libtorrent-rasterbar/1.1-wip/libtorrent-rasterbar-1.1.13=. -fstack-protector-strong -Wformat -Werror=format-security -lpthread -Wdate-time -D_FORTIFY_SOURCE=2 -I/usr/include/python3.7m -I/usr/include/python3.7m -Wl,-z,relro -Wl,--as-needed conftest.c   >&5
configure:12072: $? = 0
configure:12078: result: PTHREAD_CREATE_JOINABLE
configure:12088: checking if more special flags are required for pthreads
configure:12095: result: no
configure:12186: checking whether to check for GCC pthread/shared inconsistencies
configure:12199: gcc -o conftest -shared -fPIC -Wl,-z,defs -g -O2 -fdebug-prefix-map=/home/rtorrent/work/git/deluge_experiments_debian10/sources/libtorrent-rasterbar/1.1-wip/libtorrent-rasterbar-1.1.13=. -fstack-protector-strong -Wformat -Werror=format-security -lpthread -Wdate-time -D_FORTIFY_SOURCE=2 -I/usr/include/python3.7m -I/usr/include/python3.7m -Wl,-z,relro -Wl,--as-needed conftest.c   >&5
configure:12199: $? = 0
configure:12211: result: yes
configure:12253: checking whether -lpthread fixes that
configure:12269: gcc -o conftest -shared -fPIC -Wl,-z,defs -g -O2 -fdebug-prefix-map=/home/rtorrent/work/git/deluge_experiments_debian10/sources/libtorrent-rasterbar/1.1-wip/libtorrent-rasterbar-1.1.13=. -fstack-protector-strong -Wformat -Werror=format-security -lpthread -Wdate-time -D_FORTIFY_SOURCE=2 -I/usr/include/python3.7m -I/usr/include/python3.7m -Wl,-z,relro -Wl,--as-needed conftest.c -lpthread   >&5
conftest.c: In function 'main':
conftest.c:28:15: warning: null argument where non-null required (argument 1) [-Wnonnull]
               pthread_attr_init(0); pthread_cleanup_push(0, 0);
               ^~~~~~~~~~~~~~~~~
conftest.c:29:15: warning: null argument where non-null required (argument 1) [-Wnonnull]
               pthread_create(0,0,0,0); pthread_cleanup_pop(0);
               ^~~~~~~~~~~~~~
conftest.c:29:15: warning: null argument where non-null required (argument 3) [-Wnonnull]
configure:12269: $? = 0
configure:12276: result: yes
configure:12364: checking for __attribute__((visibility("hidden")))
configure:12373: gcc -fvisibility=hidden -S visibility_conftest.c -o visibility_conftest.s 1>&5
configure:12376: $? = 0
configure:12385: result: yes
configure:12439: checking for boostlib >= 1.53
configure:12522: g++ -c -g -O2 -fdebug-prefix-map=/home/rtorrent/work/git/deluge_experiments_debian10/sources/libtorrent-rasterbar/1.1-wip/libtorrent-rasterbar-1.1.13=. -fstack-protector-strong -Wformat -Werror=format-security -ftemplate-depth=120 -Wno-format-zero-length -Wdate-time -D_FORTIFY_SOURCE=2 -I/usr/include/python3.7m -I/usr/include/python3.7m -I/usr/include conftest.cpp >&5
configure:12522: $? = 0
configure:12524: result: yes
configure:12712: checking whether the Boost::System library is available
configure:12737: g++ -c  -Wdate-time -D_FORTIFY_SOURCE=2 -I/usr/include/python3.7m -I/usr/include/python3.7m -I/usr/include conftest.cpp >&5
configure:12737: $? = 0
configure:12752: result: yes
configure:12767: checking for exit in -lboost_system
configure:12792: gcc -o conftest -lpthread -g -O2 -fdebug-prefix-map=/home/rtorrent/work/git/deluge_experiments_debian10/sources/libtorrent-rasterbar/1.1-wip/libtorrent-rasterbar-1.1.13=. -fstack-protector-strong -Wformat -Werror=format-security -Wdate-time -D_FORTIFY_SOURCE=2 -I/usr/include/python3.7m -I/usr/include/python3.7m -I/usr/include -Wl,-z,relro -Wl,--as-needed -L/usr/lib/x86_64-linux-gnu conftest.c -lboost_system  -lpthread   >&5
conftest.c:33:6: warning: conflicting types for built-in function 'exit' [-Wbuiltin-declaration-mismatch]
 char exit ();
      ^~~~
configure:12792: $? = 0
configure:12802: result: yes
configure:12958: checking whether the Boost::Chrono library is available
configure:12982: g++ -c -g -O2 -fdebug-prefix-map=/home/rtorrent/work/git/deluge_experiments_debian10/sources/libtorrent-rasterbar/1.1-wip/libtorrent-rasterbar-1.1.13=. -fstack-protector-strong -Wformat -Werror=format-security -ftemplate-depth=120 -Wno-format-zero-length -Wdate-time -D_FORTIFY_SOURCE=2 -I/usr/include/python3.7m -I/usr/include/python3.7m -I/usr/include conftest.cpp >&5
configure:12982: $? = 0
configure:12997: result: yes
configure:13012: checking for exit in -lboost_chrono
configure:13037: gcc -o conftest -lpthread -g -O2 -fdebug-prefix-map=/home/rtorrent/work/git/deluge_experiments_debian10/sources/libtorrent-rasterbar/1.1-wip/libtorrent-rasterbar-1.1.13=. -fstack-protector-strong -Wformat -Werror=format-security -Wdate-time -D_FORTIFY_SOURCE=2 -I/usr/include/python3.7m -I/usr/include/python3.7m -I/usr/include -Wl,-z,relro -Wl,--as-needed -L/usr/lib/x86_64-linux-gnu conftest.c -lboost_chrono  -lpthread   >&5
conftest.c:34:6: warning: conflicting types for built-in function 'exit' [-Wbuiltin-declaration-mismatch]
 char exit ();
      ^~~~
configure:13037: $? = 0
configure:13047: result: yes
configure:13204: checking whether the Boost::Random library is available
configure:13228: g++ -c -g -O2 -fdebug-prefix-map=/home/rtorrent/work/git/deluge_experiments_debian10/sources/libtorrent-rasterbar/1.1-wip/libtorrent-rasterbar-1.1.13=. -fstack-protector-strong -Wformat -Werror=format-security -ftemplate-depth=120 -Wno-format-zero-length -Wdate-time -D_FORTIFY_SOURCE=2 -I/usr/include/python3.7m -I/usr/include/python3.7m -I/usr/include conftest.cpp >&5
configure:13228: $? = 0
configure:13243: result: yes
configure:13258: checking for exit in -lboost_random
configure:13283: gcc -o conftest -lpthread -g -O2 -fdebug-prefix-map=/home/rtorrent/work/git/deluge_experiments_debian10/sources/libtorrent-rasterbar/1.1-wip/libtorrent-rasterbar-1.1.13=. -fstack-protector-strong -Wformat -Werror=format-security -Wdate-time -D_FORTIFY_SOURCE=2 -I/usr/include/python3.7m -I/usr/include/python3.7m -I/usr/include -Wl,-z,relro -Wl,--as-needed -L/usr/lib/x86_64-linux-gnu conftest.c -lboost_random  -lpthread   >&5
conftest.c:35:6: warning: conflicting types for built-in function 'exit' [-Wbuiltin-declaration-mismatch]
 char exit ();
      ^~~~
configure:13283: $? = 0
configure:13293: result: yes
configure:13480: checking for pkg-config
configure:13498: found /usr/bin/pkg-config
configure:13510: result: /usr/bin/pkg-config
configure:13535: checking pkg-config is at least version 0.20
configure:13538: result: yes
configure:13558: checking for special C compiler options needed for large files
configure:13603: result: no
configure:13609: checking for _FILE_OFFSET_BITS value needed for large files
configure:13634: gcc -c -lpthread -g -O2 -fdebug-prefix-map=/home/rtorrent/work/git/deluge_experiments_debian10/sources/libtorrent-rasterbar/1.1-wip/libtorrent-rasterbar-1.1.13=. -fstack-protector-strong -Wformat -Werror=format-security -I/usr/include -Wdate-time -D_FORTIFY_SOURCE=2 -I/usr/include/python3.7m -I/usr/include/python3.7m conftest.c >&5
configure:13634: $? = 0
configure:13666: result: no
configure:13752: checking whether ln -s works
configure:13756: result: yes
configure:13763: checking whether make sets $(MAKE)
configure:13785: result: yes
configure:13797: checking for clock_gettime
configure:13797: gcc -o conftest -lpthread -g -O2 -fdebug-prefix-map=/home/rtorrent/work/git/deluge_experiments_debian10/sources/libtorrent-rasterbar/1.1-wip/libtorrent-rasterbar-1.1.13=. -fstack-protector-strong -Wformat -Werror=format-security -I/usr/include -Wdate-time -D_FORTIFY_SOURCE=2 -I/usr/include/python3.7m -I/usr/include/python3.7m -L/usr/lib/x86_64-linux-gnu -Wl,-z,relro -Wl,--as-needed conftest.c -lboost_chrono -lboost_random -lpthread   >&5
configure:13797: $? = 0
configure:13797: result: yes
configure:14048: checking whether deprecated functions should be enabled
configure:14053: result: yes
configure:14072: checking whether debug build should be enabled
configure:14087: result: no
configure:14102: checking whether invariant check should be enabled
configure:14115: result: no
configure:14142: checking whether logging to disk should be enabled
configure:14147: result: yes
configure:14166: checking whether disk activity logging should be enabled
configure:14179: result: no
configure:14192: checking whether encryption support should be enabled
configure:14197: result: yes
configure:14199: encryption support: now checking for the OpenSSL library...
configure:14222: checking for pkg-config
configure:14252: result: /usr/bin/pkg-config
configure:14308: checking whether compiling and linking against OpenSSL works
Trying link with OPENSSL_LDFLAGS=; OPENSSL_LIBS=-lssl -lcrypto; OPENSSL_INCLUDES=
configure:14330: gcc -o conftest -lpthread -g -O2 -fdebug-prefix-map=/home/rtorrent/work/git/deluge_experiments_debian10/sources/libtorrent-rasterbar/1.1-wip/libtorrent-rasterbar-1.1.13=. -fstack-protector-strong -Wformat -Werror=format-security  -I/usr/include -Wdate-time -D_FORTIFY_SOURCE=2 -I/usr/include/python3.7m -I/usr/include/python3.7m -L/usr/lib/x86_64-linux-gnu -Wl,-z,relro -Wl,--as-needed  conftest.c -lssl -lcrypto -lboost_chrono -lboost_random -lpthread   >&5
configure:14330: $? = 0
configure:14332: result: yes
configure:14377: checking whether dht support should be enabled
configure:14382: result: yes
configure:14401: checking whether pool allocators should be enabled
configure:14406: result: yes
configure:14439: checking whether example files should be built
configure:14446: result: no
configure:14455: checking whether test files should be built
configure:14468: result: no
configure:14477: checking whether python bindings should be built
configure:14482: result: yes
configure:14493: checking whether /usr/bin/python3.7 version is >= 2.4
configure:14504: /usr/bin/python3.7 -c import sys # split strings by '.' and convert to numeric. Append some zeros # because we need at least 4 digits for the hex conversion. # map returns an iterator in Python 3.0 and a list in 2.x minver = list(map(int, '2.4'.split('.'))) + [0, 0, 0] minverhex = 0 # xrange is not present in Python 3.0 and range returns an iterator for i in list(range(0, 4)): minverhex = (minverhex << 8) + minver[i] sys.exit(sys.hexversion < minverhex)
configure:14507: $? = 0
configure:14509: result: yes
configure:14602: checking for /usr/bin/python3.7 version
configure:14609: result: 3.7
configure:14621: checking for /usr/bin/python3.7 platform
configure:14628: result: linux
configure:14654: checking for /usr/bin/python3.7 script directory
configure:14689: result: ${prefix}/lib/python3.7/site-packages
configure:14698: checking for /usr/bin/python3.7 extension module directory
configure:14733: result: ${exec_prefix}/lib/python3.7/site-packages
configure:14754: checking for python3.7
configure:14784: result: /usr/bin/python3.7
configure:14800: checking for a version of Python >= '2.1.0'
configure:14826: result: yes
configure:14834: checking for a version of Python >= '2.4'
configure:14840: result: yes
configure:14857: checking for the distutils Python package
configure:14861: result: yes
configure:14875: checking for Python include path
configure:14891: result: -I/usr/include/python3.7m
configure:14898: checking for Python library path
configure:14975: result: -L/usr/lib -lpython3.7m
configure:14982: checking for Python site-packages path
configure:14988: result: /usr/lib/python3/dist-packages
configure:14995: checking python extra libraries
configure:15002: result: -lcrypt -lpthread -ldl  -lutil -lm
configure:15009: checking python extra linking flags
configure:15016: result: -Xlinker -export-dynamic -Wl,-O1 -Wl,-Bsymbolic-functions
configure:15023: checking consistency of all components of python development environment
configure:15051: gcc -o conftest -lpthread -g -O2 -fdebug-prefix-map=/home/rtorrent/work/git/deluge_experiments_debian10/sources/libtorrent-rasterbar/1.1-wip/libtorrent-rasterbar-1.1.13=. -fstack-protector-strong -Wformat -Werror=format-security -fvisibility=hidden -I/usr/include -Wdate-time -D_FORTIFY_SOURCE=2 -I/usr/include/python3.7m -I/usr/include/python3.7m -I/usr/include/python3.7m -L/usr/lib/x86_64-linux-gnu -Wl,-z,relro -Wl,--as-needed -fvisibility=hidden -fvisibility-inlines-hidden -lcrypt -lpthread -ldl  -lutil -lm conftest.c -lboost_chrono -lboost_random -lpthread   -L/usr/lib -lpython3.7m -Xlinker -export-dynamic -Wl,-O1 -Wl,-Bsymbolic-functions -Xlinker -export-dynamic -Wl,-O1 -Wl,-Bsymbolic-functions >&5
cc1: warning: command line option '-fvisibility-inlines-hidden' is valid for C++/ObjC++ but not for C
configure:15051: $? = 0
configure:15069: result: yes
configure:15125: checking whether the Boost::Python library is available
configure:15143: g++ -c -g -O2 -fdebug-prefix-map=/home/rtorrent/work/git/deluge_experiments_debian10/sources/libtorrent-rasterbar/1.1-wip/libtorrent-rasterbar-1.1.13=. -fstack-protector-strong -Wformat -Werror=format-security -ftemplate-depth=120 -Wno-format-zero-length -fvisibility=hidden -fvisibility-inlines-hidden -I/usr/include -I/usr/include/python3.7m -I/usr/include -Wdate-time -D_FORTIFY_SOURCE=2 -I/usr/include/python3.7m -I/usr/include/python3.7m conftest.cpp >&5
configure:15143: $? = 0
configure:15151: result: yes
configure:15170: checking whether boost_python37 is the correct library
configure:15188: g++ -o conftest -g -O2 -fdebug-prefix-map=/home/rtorrent/work/git/deluge_experiments_debian10/sources/libtorrent-rasterbar/1.1-wip/libtorrent-rasterbar-1.1.13=. -fstack-protector-strong -Wformat -Werror=format-security -ftemplate-depth=120 -Wno-format-zero-length -fvisibility=hidden -fvisibility-inlines-hidden -I/usr/include -I/usr/include/python3.7m -I/usr/include -Wdate-time -D_FORTIFY_SOURCE=2 -I/usr/include/python3.7m -I/usr/include/python3.7m -L/usr/lib/x86_64-linux-gnu -lpython3.7m -lcrypt -lpthread -ldl  -lutil -lm  -L/usr/lib/x86_64-linux-gnu -Wl,-z,relro -Wl,--as-needed -fvisibility=hidden -fvisibility-inlines-hidden conftest.cpp -lboost_python37 -lboost_chrono -lboost_random -lpthread   -L/usr/lib -lpython3.7m >&5
configure:15188: $? = 0
configure:15197: result: yes
configure:15237: checking whether to link against system libiconv
configure:15257: checking for shared library run path origin
configure:15270: result: done
configure:15666: result: yes
configure:15698: checking for iconv
configure:15720: gcc -o conftest -lpthread -g -O2 -fdebug-prefix-map=/home/rtorrent/work/git/deluge_experiments_debian10/sources/libtorrent-rasterbar/1.1-wip/libtorrent-rasterbar-1.1.13=. -fstack-protector-strong -Wformat -Werror=format-security -fvisibility=hidden -I/usr/include -Wdate-time -D_FORTIFY_SOURCE=2 -I/usr/include/python3.7m -I/usr/include/python3.7m -L/usr/lib/x86_64-linux-gnu -Wl,-z,relro -Wl,--as-needed -fvisibility=hidden -fvisibility-inlines-hidden conftest.c -lboost_chrono -lboost_random -lpthread   >&5
cc1: warning: command line option '-fvisibility-inlines-hidden' is valid for C++/ObjC++ but not for C
configure:15720: $? = 0
configure:15752: result: yes
configure:15773: checking for iconv declaration
configure:15802: gcc -c -lpthread -g -O2 -fdebug-prefix-map=/home/rtorrent/work/git/deluge_experiments_debian10/sources/libtorrent-rasterbar/1.1-wip/libtorrent-rasterbar-1.1.13=. -fstack-protector-strong -Wformat -Werror=format-security -fvisibility=hidden -I/usr/include -Wdate-time -D_FORTIFY_SOURCE=2 -I/usr/include/python3.7m -I/usr/include/python3.7m conftest.c >&5
configure:15802: $? = 0
configure:15813: result: 
         extern size_t iconv (iconv_t cd, char * *inbuf, size_t *inbytesleft, char * *outbuf, size_t *outbytesleft);
configure:16088: checking that generated files are newer than configure
configure:16094: result: done
configure:16145: creating ./config.status

## ---------------------- ##
## Running config.status. ##
## ---------------------- ##

This file was extended by libtorrent-rasterbar config.status 1.1.13, which was
generated by GNU Autoconf 2.69.  Invocation command line was

  CONFIG_FILES    = 
  CONFIG_HEADERS  = 
  CONFIG_LINKS    = 
  CONFIG_COMMANDS = 
  $ ./config.status 

on hetzner-plex

config.status:1141: creating Makefile
config.status:1141: creating src/Makefile
config.status:1141: creating include/libtorrent/Makefile
config.status:1141: creating examples/Makefile
config.status:1141: creating test/Makefile
config.status:1141: creating tools/Makefile
config.status:1141: creating bindings/Makefile
config.status:1141: creating bindings/python/Makefile
config.status:1141: creating bindings/python/link_flags
config.status:1141: creating bindings/python/compile_flags
config.status:1141: creating libtorrent-rasterbar.pc
config.status:1298: executing depfiles commands
config.status:1298: executing libtool commands

## ---------------- ##
## Cache variables. ##
## ---------------- ##

ac_cv_boost_python=yes
ac_cv_build=x86_64-pc-linux-gnu
ac_cv_c_compiler_gnu=yes
ac_cv_cxx_compiler_gnu=yes
ac_cv_env_CCC_set=
ac_cv_env_CCC_value=
ac_cv_env_CC_set=
ac_cv_env_CC_value=
ac_cv_env_CFLAGS_set=set
ac_cv_env_CFLAGS_value='-g -O2 -fdebug-prefix-map=/home/rtorrent/work/git/deluge_experiments_debian10/sources/libtorrent-rasterbar/1.1-wip/libtorrent-rasterbar-1.1.13=. -fstack-protector-strong -Wformat -Werror=format-security'
ac_cv_env_CPPFLAGS_set=set
ac_cv_env_CPPFLAGS_value='-Wdate-time -D_FORTIFY_SOURCE=2 -I/usr/include/python3.7m -I/usr/include/python3.7m'
ac_cv_env_CPP_set=
ac_cv_env_CPP_value=
ac_cv_env_CXXCPP_set=
ac_cv_env_CXXCPP_value=
ac_cv_env_CXXFLAGS_set=set
ac_cv_env_CXXFLAGS_value='-g -O2 -fdebug-prefix-map=/home/rtorrent/work/git/deluge_experiments_debian10/sources/libtorrent-rasterbar/1.1-wip/libtorrent-rasterbar-1.1.13=. -fstack-protector-strong -Wformat -Werror=format-security'
ac_cv_env_CXX_set=
ac_cv_env_CXX_value=
ac_cv_env_LDFLAGS_set=set
ac_cv_env_LDFLAGS_value='-Wl,-z,relro -Wl,--as-needed'
ac_cv_env_LIBS_set=
ac_cv_env_LIBS_value=
ac_cv_env_LT_SYS_LIBRARY_PATH_set=
ac_cv_env_LT_SYS_LIBRARY_PATH_value=
ac_cv_env_PKG_CONFIG_set=
ac_cv_env_PKG_CONFIG_value=
ac_cv_env_PYTHON_INSTALL_PARAMS_set=set
ac_cv_env_PYTHON_INSTALL_PARAMS_value='--root=/home/rtorrent/work/git/deluge_experiments_debian10/sources/libtorrent-rasterbar/1.1-wip/libtorrent-rasterbar-1.1.13/debian/tmp --install-layout=deb'
ac_cv_env_PYTHON_VERSION_set=
ac_cv_env_PYTHON_VERSION_value=
ac_cv_env_PYTHON_set=set
ac_cv_env_PYTHON_value=/usr/bin/python3.7
ac_cv_env_build_alias_set=set
ac_cv_env_build_alias_value=x86_64-linux-gnu
ac_cv_env_host_alias_set=
ac_cv_env_host_alias_value=
ac_cv_env_target_alias_set=
ac_cv_env_target_alias_value=
ac_cv_func_clock_gettime=yes
ac_cv_header_dlfcn_h=yes
ac_cv_header_inttypes_h=yes
ac_cv_header_memory_h=yes
ac_cv_header_stdc=yes
ac_cv_header_stdint_h=yes
ac_cv_header_stdlib_h=yes
ac_cv_header_string_h=yes
ac_cv_header_strings_h=yes
ac_cv_header_sys_stat_h=yes
ac_cv_header_sys_types_h=yes
ac_cv_header_unistd_h=yes
ac_cv_hidden_visibility_attribute=yes
ac_cv_host=x86_64-pc-linux-gnu
ac_cv_lib_boost_chrono___exit=yes
ac_cv_lib_boost_random___exit=yes
ac_cv_lib_boost_system___exit=yes
ac_cv_objext=o
ac_cv_path_EGREP='/bin/grep -E'
ac_cv_path_FGREP='/bin/grep -F'
ac_cv_path_GREP=/bin/grep
ac_cv_path_PKG_CONFIG=/usr/bin/pkg-config
ac_cv_path_PYTHON=/usr/bin/python3.7
ac_cv_path_SED=/bin/sed
ac_cv_path_ac_pt_PKG_CONFIG=/usr/bin/pkg-config
ac_cv_path_install='/usr/bin/install -c'
ac_cv_path_lt_DD=/bin/dd
ac_cv_path_mkdir=/bin/mkdir
ac_cv_prog_AWK=gawk
ac_cv_prog_CPP='gcc -E'
ac_cv_prog_CXXCPP='g++ -E'
ac_cv_prog_ac_ct_AR=ar
ac_cv_prog_ac_ct_CC=gcc
ac_cv_prog_ac_ct_CXX=g++
ac_cv_prog_ac_ct_MANIFEST_TOOL=mt
ac_cv_prog_ac_ct_OBJDUMP=objdump
ac_cv_prog_ac_ct_RANLIB=ranlib
ac_cv_prog_ac_ct_STRIP=strip
ac_cv_prog_cc_c89=
ac_cv_prog_cc_g=yes
ac_cv_prog_cc_gcc_c_o=yes
ac_cv_prog_cxx_c_o=yes
ac_cv_prog_cxx_g=yes
ac_cv_prog_make_make_set=yes
ac_cv_sys_file_offset_bits=no
ac_cv_sys_largefile_CC=no
ac_cv_target=x86_64-pc-linux-gnu
acl_cv_hardcode_direct=no
acl_cv_hardcode_libdir_flag_spec='${wl}-rpath ${wl}$libdir'
acl_cv_hardcode_libdir_separator=
acl_cv_hardcode_minus_L=no
acl_cv_libext=a
acl_cv_rpath=done
acl_cv_shlibext=so
acl_cv_wl=-Wl,
am_cv_CC_dependencies_compiler_type=none
am_cv_CXX_dependencies_compiler_type=none
am_cv_func_iconv=yes
am_cv_lib_iconv=no
am_cv_make_support_nested_variables=yes
am_cv_prog_cc_c_o=yes
am_cv_proto_iconv='extern size_t iconv (iconv_t cd, char * *inbuf, size_t *inbytesleft, char * *outbuf, size_t *outbytesleft);'
am_cv_proto_iconv_arg1=
am_cv_python_platform=linux
am_cv_python_pyexecdir='${exec_prefix}/lib/python3.7/site-packages'
am_cv_python_pythondir='${prefix}/lib/python3.7/site-packages'
am_cv_python_version=3.7
ax_cv_boost_chrono=yes
ax_cv_boost_random=yes
ax_cv_boost_system=yes
ax_cv_lib_boost_python37___main=yes
lt_cv_ar_at_file=@
lt_cv_archive_cmds_need_lc=no
lt_cv_deplibs_check_method=pass_all
lt_cv_file_magic_cmd='$MAGIC_CMD'
lt_cv_file_magic_test_file=
lt_cv_ld_reload_flag=-r
lt_cv_nm_interface='BSD nm'
lt_cv_objdir=.libs
lt_cv_path_LD=/usr/bin/ld
lt_cv_path_LDCXX='/usr/bin/ld -m elf_x86_64'
lt_cv_path_NM='/usr/bin/nm -B'
lt_cv_path_mainfest_tool=no
lt_cv_prog_compiler_c_o=yes
lt_cv_prog_compiler_c_o_CXX=yes
lt_cv_prog_compiler_pic='-fPIC -DPIC'
lt_cv_prog_compiler_pic_CXX='-fPIC -DPIC'
lt_cv_prog_compiler_pic_works=yes
lt_cv_prog_compiler_pic_works_CXX=yes
lt_cv_prog_compiler_rtti_exceptions=no
lt_cv_prog_compiler_static_works=yes
lt_cv_prog_compiler_static_works_CXX=yes
lt_cv_prog_gnu_ld=yes
lt_cv_prog_gnu_ldcxx=yes
lt_cv_sharedlib_from_linklib_cmd='printf %s\n'
lt_cv_shlibpath_overrides_runpath=yes
lt_cv_sys_global_symbol_pipe='sed -n -e '\''s/^.*[	 ]\([ABCDGIRSTW][ABCDGIRSTW]*\)[	 ][	 ]*\([_A-Za-z][_A-Za-z0-9]*\)$/\1 \2 \2/p'\'' | sed '\''/ __gnu_lto/d'\'''
lt_cv_sys_global_symbol_to_c_name_address='sed -n -e '\''s/^: \(.*\) .*$/  {"\1", (void *) 0},/p'\'' -e '\''s/^[ABCDGIRSTW][ABCDGIRSTW]* .* \(.*\)$/  {"\1", (void *) \&\1},/p'\'''
lt_cv_sys_global_symbol_to_c_name_address_lib_prefix='sed -n -e '\''s/^: \(.*\) .*$/  {"\1", (void *) 0},/p'\'' -e '\''s/^[ABCDGIRSTW][ABCDGIRSTW]* .* \(lib.*\)$/  {"\1", (void *) \&\1},/p'\'' -e '\''s/^[ABCDGIRSTW][ABCDGIRSTW]* .* \(.*\)$/  {"lib\1", (void *) \&\1},/p'\'''
lt_cv_sys_global_symbol_to_cdecl='sed -n -e '\''s/^T .* \(.*\)$/extern int \1();/p'\'' -e '\''s/^[ABCDGIRSTW][ABCDGIRSTW]* .* \(.*\)$/extern char \1;/p'\'''
lt_cv_sys_global_symbol_to_import=
lt_cv_sys_max_cmd_len=1572864
lt_cv_to_host_file_cmd=func_convert_file_noop
lt_cv_to_tool_file_cmd=func_convert_file_noop
lt_cv_truncate_bin='/bin/dd bs=4096 count=1'

## ----------------- ##
## Output variables. ##
## ----------------- ##

ACLOCAL='${SHELL} /home/rtorrent/work/git/deluge_experiments_debian10/sources/libtorrent-rasterbar/1.1-wip/libtorrent-rasterbar-1.1.13/build-aux/missing aclocal-1.16'
AMDEPBACKSLASH=''
AMDEP_FALSE=''
AMDEP_TRUE='#'
AMTAR='$${TAR-tar}'
AM_BACKSLASH='\'
AM_DEFAULT_V='$(AM_DEFAULT_VERBOSITY)'
AM_DEFAULT_VERBOSITY='1'
AM_V='$(V)'
AR='ar'
AUTOCONF='${SHELL} /home/rtorrent/work/git/deluge_experiments_debian10/sources/libtorrent-rasterbar/1.1-wip/libtorrent-rasterbar-1.1.13/build-aux/missing autoconf'
AUTOHEADER='${SHELL} /home/rtorrent/work/git/deluge_experiments_debian10/sources/libtorrent-rasterbar/1.1-wip/libtorrent-rasterbar-1.1.13/build-aux/missing autoheader'
AUTOMAKE='${SHELL} /home/rtorrent/work/git/deluge_experiments_debian10/sources/libtorrent-rasterbar/1.1-wip/libtorrent-rasterbar-1.1.13/build-aux/missing automake-1.16'
AWK='gawk'
BOOST_CHRONO_LIB='-lboost_chrono'
BOOST_CPPFLAGS='-I/usr/include'
BOOST_LDFLAGS='-L/usr/lib/x86_64-linux-gnu'
BOOST_PYTHON_LIB='-lboost_python37'
BOOST_RANDOM_LIB='-lboost_random'
BOOST_SYSTEM_LIB='-lboost_system'
CC='gcc'
CCDEPMODE='depmode=none'
CFLAGS='-lpthread -g -O2 -fdebug-prefix-map=/home/rtorrent/work/git/deluge_experiments_debian10/sources/libtorrent-rasterbar/1.1-wip/libtorrent-rasterbar-1.1.13=. -fstack-protector-strong -Wformat -Werror=format-security -fvisibility=hidden'
COMPILETIME_OPTIONS=' -DTORRENT_USE_OPENSSL  -DBOOST_ASIO_HASH_MAP_BUCKETS=1021  -DBOOST_EXCEPTION_DISABLE  -DBOOST_ASIO_ENABLE_CANCELIO  -DTORRENT_LINKING_SHARED '
CPP='gcc -E'
CPPFLAGS='-I/usr/include -Wdate-time -D_FORTIFY_SOURCE=2 -I/usr/include/python3.7m -I/usr/include/python3.7m'
CXX='g++'
CXXCPP='g++ -E'
CXXDEPMODE='depmode=none'
CXXFLAGS='-g -O2 -fdebug-prefix-map=/home/rtorrent/work/git/deluge_experiments_debian10/sources/libtorrent-rasterbar/1.1-wip/libtorrent-rasterbar-1.1.13=. -fstack-protector-strong -Wformat -Werror=format-security -ftemplate-depth=120 -Wno-format-zero-length -fvisibility=hidden -fvisibility-inlines-hidden'
CYGPATH_W='echo'
DEBUGFLAGS='-Os'
DEFS='-DPACKAGE_NAME=\"libtorrent-rasterbar\" -DPACKAGE_TARNAME=\"libtorrent-rasterbar\" -DPACKAGE_VERSION=\"1.1.13\" -DPACKAGE_STRING=\"libtorrent-rasterbar\ 1.1.13\" -DPACKAGE_BUGREPORT=\"arvid@libtorrent.org\" -DPACKAGE_URL=\"http://www.libtorrent.org\" -DPACKAGE=\"libtorrent-rasterbar\" -DVERSION=\"1.1.13\" -DSTDC_HEADERS=1 -DHAVE_SYS_TYPES_H=1 -DHAVE_SYS_STAT_H=1 -DHAVE_STDLIB_H=1 -DHAVE_STRING_H=1 -DHAVE_MEMORY_H=1 -DHAVE_STRINGS_H=1 -DHAVE_INTTYPES_H=1 -DHAVE_STDINT_H=1 -DHAVE_UNISTD_H=1 -DHAVE_DLFCN_H=1 -DLT_OBJDIR=\".libs/\" -DHAVE_PTHREAD=1 -DHAVE_BOOST=/\*\*/ -DHAVE_BOOST_SYSTEM=/\*\*/ -DHAVE_BOOST_CHRONO=/\*\*/ -DHAVE_BOOST_RANDOM=/\*\*/ -DHAVE_CLOCK_GETTIME=1 -DNDEBUG=1 -DTORRENT_USE_OPENSSL=1 -DHAVE_PYTHON=\"3.7\" -DHAVE_BOOST_PYTHON=/\*\*/ -DHAVE_ICONV=1 -DICONV_CONST= -DBOOST_ASIO_HASH_MAP_BUCKETS=1021 -DBOOST_EXCEPTION_DISABLE=1 -DBOOST_ASIO_ENABLE_CANCELIO=1 -DTORRENT_BUILDING_SHARED=1'
DEPDIR='.deps'
DLLTOOL='false'
DSYMUTIL=''
DUMPBIN=''
ECHO_C=''
ECHO_N='-n'
ECHO_T=''
EGREP='/bin/grep -E'
ENABLE_DHT_FALSE='#'
ENABLE_DHT_TRUE=''
ENABLE_EXAMPLES_FALSE=''
ENABLE_EXAMPLES_TRUE='#'
ENABLE_PYTHON_BINDING_FALSE='#'
ENABLE_PYTHON_BINDING_TRUE=''
ENABLE_TESTS_FALSE=''
ENABLE_TESTS_TRUE='#'
EXEEXT=''
FGREP='/bin/grep -F'
GREP='/bin/grep'
ICONV_LIBS=''
INSTALL_DATA='${INSTALL} -m 644'
INSTALL_PROGRAM='${INSTALL}'
INSTALL_SCRIPT='${INSTALL}'
INSTALL_STRIP_PROGRAM='$(install_sh) -c -s'
INTERFACE_VERSION_INFO='9:0:0'
LD='/usr/bin/ld -m elf_x86_64'
LDFLAGS='-L/usr/lib/x86_64-linux-gnu -Wl,-z,relro -Wl,--as-needed -fvisibility=hidden -fvisibility-inlines-hidden'
LIBICONV=''
LIBOBJS=''
LIBS=' -lboost_chrono -lboost_random -lpthread  '
LIBTOOL='$(SHELL) $(top_builddir)/libtool'
LIPO=''
LN_S='ln -s'
LTLIBICONV=''
LTLIBOBJS=''
LT_SYS_LIBRARY_PATH=''
MAINT='#'
MAINTAINER_MODE_FALSE=''
MAINTAINER_MODE_TRUE='#'
MAKEINFO='${SHELL} /home/rtorrent/work/git/deluge_experiments_debian10/sources/libtorrent-rasterbar/1.1-wip/libtorrent-rasterbar-1.1.13/build-aux/missing makeinfo'
MANIFEST_TOOL=':'
MKDIR_P='/bin/mkdir -p'
NM='/usr/bin/nm -B'
NMEDIT=''
OBJDUMP='objdump'
OBJEXT='o'
OPENSSL_INCLUDES=''
OPENSSL_LDFLAGS=''
OPENSSL_LIBS='-lssl -lcrypto'
OTOOL64=''
OTOOL=''
PACKAGE='libtorrent-rasterbar'
PACKAGE_BUGREPORT='arvid@libtorrent.org'
PACKAGE_NAME='libtorrent-rasterbar'
PACKAGE_STRING='libtorrent-rasterbar 1.1.13'
PACKAGE_TARNAME='libtorrent-rasterbar'
PACKAGE_URL='http://www.libtorrent.org'
PACKAGE_VERSION='1.1.13'
PATH_SEPARATOR=':'
PKG_CONFIG='/usr/bin/pkg-config'
PTHREAD_CC='gcc'
PTHREAD_CFLAGS='-lpthread'
PTHREAD_LIBS='-lpthread '
PYTHON='/usr/bin/python3.7'
PYTHON_CPPFLAGS='-I/usr/include/python3.7m'
PYTHON_CXXFLAGS=' -Wno-deprecated-declarations'
PYTHON_EXEC_PREFIX='${exec_prefix}'
PYTHON_EXTRA_LDFLAGS='-lcrypt -lpthread -ldl  -lutil -lm'
PYTHON_EXTRA_LIBS='-Xlinker -export-dynamic -Wl,-O1 -Wl,-Bsymbolic-functions'
PYTHON_INSTALL_PARAMS='--root=/home/rtorrent/work/git/deluge_experiments_debian10/sources/libtorrent-rasterbar/1.1-wip/libtorrent-rasterbar-1.1.13/debian/tmp --install-layout=deb'
PYTHON_LIBS='-L/usr/lib -lpython3.7m'
PYTHON_PLATFORM='linux'
PYTHON_PREFIX='${prefix}'
PYTHON_SITE_PKG='/usr/lib/python3/dist-packages'
PYTHON_VERSION='3.7'
RANLIB='ranlib'
SED='/bin/sed'
SET_MAKE=''
SHELL='/bin/bash'
STRIP='strip'
VERSION='1.1.13'
WITH_OPENSSL_FALSE='#'
WITH_OPENSSL_TRUE=''
ac_ct_AR='ar'
ac_ct_CC='gcc'
ac_ct_CXX='g++'
ac_ct_DUMPBIN=''
am__EXEEXT_FALSE=''
am__EXEEXT_TRUE='#'
am__fastdepCC_FALSE=''
am__fastdepCC_TRUE='#'
am__fastdepCXX_FALSE=''
am__fastdepCXX_TRUE='#'
am__include='include'
am__isrc=' -I$(srcdir)'
am__leading_dot='.'
am__nodep=''
am__quote=''
am__tar='$${TAR-tar} chof - "$$tardir"'
am__untar='$${TAR-tar} xf -'
ax_pthread_config=''
bindir='${exec_prefix}/bin'
build='x86_64-pc-linux-gnu'
build_alias='x86_64-linux-gnu'
build_cpu='x86_64'
build_os='linux-gnu'
build_vendor='pc'
datadir='${datarootdir}'
datarootdir='${prefix}/share'
docdir='${datarootdir}/doc/${PACKAGE_TARNAME}'
dvidir='${docdir}'
exec_prefix='${prefix}'
host='x86_64-pc-linux-gnu'
host_alias=''
host_cpu='x86_64'
host_os='linux-gnu'
host_vendor='pc'
htmldir='${docdir}'
includedir='${prefix}/include'
infodir='${prefix}/share/info'
install_sh='${SHELL} /home/rtorrent/work/git/deluge_experiments_debian10/sources/libtorrent-rasterbar/1.1-wip/libtorrent-rasterbar-1.1.13/build-aux/install-sh'
libdir='${prefix}/lib/x86_64-linux-gnu'
libexecdir='${prefix}/lib/x86_64-linux-gnu'
localedir='${datarootdir}/locale'
localstatedir='/var'
mandir='${prefix}/share/man'
mkdir_p='$(MKDIR_P)'
oldincludedir='/usr/include'
pdfdir='${docdir}'
pkgpyexecdir='${pyexecdir}/libtorrent-rasterbar'
pkgpythondir='${pythondir}/libtorrent-rasterbar'
prefix='/usr'
program_transform_name='s,x,x,'
psdir='${docdir}'
pyexecdir='${exec_prefix}/lib/python3.7/site-packages'
pythondir='${prefix}/lib/python3.7/site-packages'
runstatedir='${localstatedir}/run'
sbindir='${exec_prefix}/sbin'
sharedstatedir='${prefix}/com'
sysconfdir='/etc'
target='x86_64-pc-linux-gnu'
target_alias=''
target_cpu='x86_64'
target_os='linux-gnu'
target_vendor='pc'

## ----------- ##
## confdefs.h. ##
## ----------- ##

/* confdefs.h */
#define PACKAGE_NAME "libtorrent-rasterbar"
#define PACKAGE_TARNAME "libtorrent-rasterbar"
#define PACKAGE_VERSION "1.1.13"
#define PACKAGE_STRING "libtorrent-rasterbar 1.1.13"
#define PACKAGE_BUGREPORT "arvid@libtorrent.org"
#define PACKAGE_URL "http://www.libtorrent.org"
#define PACKAGE "libtorrent-rasterbar"
#define VERSION "1.1.13"
#define STDC_HEADERS 1
#define HAVE_SYS_TYPES_H 1
#define HAVE_SYS_STAT_H 1
#define HAVE_STDLIB_H 1
#define HAVE_STRING_H 1
#define HAVE_MEMORY_H 1
#define HAVE_STRINGS_H 1
#define HAVE_INTTYPES_H 1
#define HAVE_STDINT_H 1
#define HAVE_UNISTD_H 1
#define HAVE_DLFCN_H 1
#define LT_OBJDIR ".libs/"
#define HAVE_PTHREAD 1
#define HAVE_BOOST /**/
#define HAVE_BOOST_SYSTEM /**/
#define HAVE_BOOST_CHRONO /**/
#define HAVE_BOOST_RANDOM /**/
#define HAVE_CLOCK_GETTIME 1
#define NDEBUG 1
#define TORRENT_USE_OPENSSL 1
#define HAVE_PYTHON "3.7"
#define HAVE_BOOST_PYTHON /**/
#define HAVE_ICONV 1
#define ICONV_CONST 
#define BOOST_ASIO_HASH_MAP_BUCKETS 1021
#define BOOST_EXCEPTION_DISABLE 1
#define BOOST_ASIO_ENABLE_CANCELIO 1
#define TORRENT_BUILDING_SHARED 1

configure: exit 0
