This file contains any messages produced by compilers while
running configure, to aid debugging if configure makes a mistake.

It was created by libtorrent-rasterbar configure 1.2.2, which was
generated by GNU Autoconf 2.69.  Invocation command line was

  $ ../configure --build=x86_64-linux-gnu --prefix=/usr --includedir=${prefix}/include --mandir=${prefix}/share/man --infodir=${prefix}/share/info --sysconfdir=/etc --localstatedir=/var --disable-silent-rules --libdir=${prefix}/lib/x86_64-linux-gnu --libexecdir=${prefix}/lib/x86_64-linux-gnu --disable-maintainer-mode --disable-dependency-tracking PYTHON=/usr/bin/python2.7 PYTHON_INSTALL_PARAMS=--root=/home/rtorrent/work/git/deluge_experiments_debian10/sources/libtorrent-rasterbar/1.2-wip/libtorrent-rasterbar-1.2.2/debian/tmp --install-layout=deb --enable-python-binding --with-boost-python=boost_python27 --with-libiconv --with-boost-libdir=/usr/lib/x86_64-linux-gnu

## --------- ##
## Platform. ##
## --------- ##

hostname = hetzner-plex
uname -m = x86_64
uname -r = 4.19.83-xanmod40
uname -s = Linux
uname -v = #1.191110 SMP PREEMPT Sun Nov 10 11:04:11 -03 2019

/usr/bin/uname -p = unknown
/bin/uname -X     = unknown

/bin/arch              = unknown
/usr/bin/arch -k       = unknown
/usr/convex/getsysinfo = unknown
/usr/bin/hostinfo      = unknown
/bin/machine           = unknown
/usr/bin/oslevel       = unknown
/bin/universe          = unknown

PATH: /usr/sbin
PATH: /usr/bin
PATH: /sbin
PATH: /bin
PATH: /usr/bin/X11


## ----------- ##
## Core tests. ##
## ----------- ##

configure:2440: checking whether make supports nested variables
configure:2457: result: yes
configure:2545: checking for gcc
configure:2561: found /usr/bin/gcc
configure:2572: result: gcc
configure:2801: checking for C compiler version
configure:2810: gcc --version >&5
gcc (Debian 8.3.0-6) 8.3.0
Copyright (C) 2018 Free Software Foundation, Inc.
This is free software; see the source for copying conditions.  There is NO
warranty; not even for MERCHANTABILITY or FITNESS FOR A PARTICULAR PURPOSE.

configure:2821: $? = 0
configure:2810: gcc -v >&5
Using built-in specs.
COLLECT_GCC=gcc
COLLECT_LTO_WRAPPER=/usr/lib/gcc/x86_64-linux-gnu/8/lto-wrapper
OFFLOAD_TARGET_NAMES=nvptx-none
OFFLOAD_TARGET_DEFAULT=1
Target: x86_64-linux-gnu
Configured with: ../src/configure -v --with-pkgversion='Debian 8.3.0-6' --with-bugurl=file:///usr/share/doc/gcc-8/README.Bugs --enable-languages=c,ada,c++,go,brig,d,fortran,objc,obj-c++ --prefix=/usr --with-gcc-major-version-only --program-suffix=-8 --program-prefix=x86_64-linux-gnu- --enable-shared --enable-linker-build-id --libexecdir=/usr/lib --without-included-gettext --enable-threads=posix --libdir=/usr/lib --enable-nls --enable-bootstrap --enable-clocale=gnu --enable-libstdcxx-debug --enable-libstdcxx-time=yes --with-default-libstdcxx-abi=new --enable-gnu-unique-object --disable-vtable-verify --enable-libmpx --enable-plugin --enable-default-pie --with-system-zlib --with-target-system-zlib --enable-objc-gc=auto --enable-multiarch --disable-werror --with-arch-32=i686 --with-abi=m64 --with-multilib-list=m32,m64,mx32 --enable-multilib --with-tune=generic --enable-offload-targets=nvptx-none --without-cuda-driver --enable-checking=release --build=x86_64-linux-gnu --host=x86_64-linux-gnu --target=x86_64-linux-gnu
Thread model: posix
gcc version 8.3.0 (Debian 8.3.0-6) 
configure:2821: $? = 0
configure:2810: gcc -V >&5
gcc: error: unrecognized command line option '-V'
gcc: fatal error: no input files
compilation terminated.
configure:2821: $? = 1
configure:2810: gcc -qversion >&5
gcc: error: unrecognized command line option '-qversion'; did you mean '--version'?
gcc: fatal error: no input files
compilation terminated.
configure:2821: $? = 1
configure:2841: checking whether the C compiler works
configure:2863: gcc -g -O2 -fdebug-prefix-map=/home/rtorrent/work/git/deluge_experiments_debian10/sources/libtorrent-rasterbar/1.2-wip/libtorrent-rasterbar-1.2.2=. -fstack-protector-strong -Wformat -Werror=format-security -Wdate-time -D_FORTIFY_SOURCE=2 -I/usr/include/python2.7 -I/usr/include/x86_64-linux-gnu/python2.7 -Wl,-z,relro -Wl,--as-needed conftest.c  >&5
configure:2867: $? = 0
configure:2915: result: yes
configure:2918: checking for C compiler default output file name
configure:2920: result: a.out
configure:2926: checking for suffix of executables
configure:2933: gcc -o conftest -g -O2 -fdebug-prefix-map=/home/rtorrent/work/git/deluge_experiments_debian10/sources/libtorrent-rasterbar/1.2-wip/libtorrent-rasterbar-1.2.2=. -fstack-protector-strong -Wformat -Werror=format-security -Wdate-time -D_FORTIFY_SOURCE=2 -I/usr/include/python2.7 -I/usr/include/x86_64-linux-gnu/python2.7 -Wl,-z,relro -Wl,--as-needed conftest.c  >&5
configure:2937: $? = 0
configure:2959: result: 
configure:2981: checking whether we are cross compiling
configure:2989: gcc -o conftest -g -O2 -fdebug-prefix-map=/home/rtorrent/work/git/deluge_experiments_debian10/sources/libtorrent-rasterbar/1.2-wip/libtorrent-rasterbar-1.2.2=. -fstack-protector-strong -Wformat -Werror=format-security -Wdate-time -D_FORTIFY_SOURCE=2 -I/usr/include/python2.7 -I/usr/include/x86_64-linux-gnu/python2.7 -Wl,-z,relro -Wl,--as-needed conftest.c  >&5
configure:2993: $? = 0
configure:3000: ./conftest
configure:3004: $? = 0
configure:2992: result: no
configure:2997: checking for suffix of object files
configure:3019: gcc -c -g -O2 -fdebug-prefix-map=/home/rtorrent/work/git/deluge_experiments_debian10/sources/libtorrent-rasterbar/1.2-wip/libtorrent-rasterbar-1.2.2=. -fstack-protector-strong -Wformat -Werror=format-security -Wdate-time -D_FORTIFY_SOURCE=2 -I/usr/include/python2.7 -I/usr/include/x86_64-linux-gnu/python2.7 conftest.c >&5
configure:3023: $? = 0
configure:3044: result: o
configure:3048: checking whether we are using the GNU C compiler
configure:3067: gcc -c -g -O2 -fdebug-prefix-map=/home/rtorrent/work/git/deluge_experiments_debian10/sources/libtorrent-rasterbar/1.2-wip/libtorrent-rasterbar-1.2.2=. -fstack-protector-strong -Wformat -Werror=format-security -Wdate-time -D_FORTIFY_SOURCE=2 -I/usr/include/python2.7 -I/usr/include/x86_64-linux-gnu/python2.7 conftest.c >&5
configure:3067: $? = 0
configure:3076: result: yes
configure:3085: checking whether gcc accepts -g
configure:3105: gcc -c -g -Wdate-time -D_FORTIFY_SOURCE=2 -I/usr/include/python2.7 -I/usr/include/x86_64-linux-gnu/python2.7 conftest.c >&5
configure:3105: $? = 0
configure:3146: result: yes
configure:3163: checking for gcc option to accept ISO C89
configure:3226: gcc  -c -g -O2 -fdebug-prefix-map=/home/rtorrent/work/git/deluge_experiments_debian10/sources/libtorrent-rasterbar/1.2-wip/libtorrent-rasterbar-1.2.2=. -fstack-protector-strong -Wformat -Werror=format-security -Wdate-time -D_FORTIFY_SOURCE=2 -I/usr/include/python2.7 -I/usr/include/x86_64-linux-gnu/python2.7 conftest.c >&5
configure:3226: $? = 0
configure:3239: result: none needed
configure:3267: checking whether gcc understands -c and -o together
configure:3289: gcc -c conftest.c -o conftest2.o
configure:3292: $? = 0
configure:3289: gcc -c conftest.c -o conftest2.o
configure:3292: $? = 0
configure:3304: result: yes
configure:3326: checking how to run the C preprocessor
configure:3357: gcc -E -Wdate-time -D_FORTIFY_SOURCE=2 -I/usr/include/python2.7 -I/usr/include/x86_64-linux-gnu/python2.7 conftest.c
configure:3357: $? = 0
configure:3371: gcc -E -Wdate-time -D_FORTIFY_SOURCE=2 -I/usr/include/python2.7 -I/usr/include/x86_64-linux-gnu/python2.7 conftest.c
conftest.c:9:10: fatal error: ac_nonexistent.h: No such file or directory
 #include <ac_nonexistent.h>
          ^~~~~~~~~~~~~~~~~~
compilation terminated.
configure:3371: $? = 1
configure: failed program was:
| /* confdefs.h */
| #define PACKAGE_NAME "libtorrent-rasterbar"
| #define PACKAGE_TARNAME "libtorrent-rasterbar"
| #define PACKAGE_VERSION "1.2.2"
| #define PACKAGE_STRING "libtorrent-rasterbar 1.2.2"
| #define PACKAGE_BUGREPORT "arvid@libtorrent.org"
| #define PACKAGE_URL "http://www.libtorrent.org"
| /* end confdefs.h.  */
| #include <ac_nonexistent.h>
configure:3396: result: gcc -E
configure:3416: gcc -E -Wdate-time -D_FORTIFY_SOURCE=2 -I/usr/include/python2.7 -I/usr/include/x86_64-linux-gnu/python2.7 conftest.c
configure:3416: $? = 0
configure:3430: gcc -E -Wdate-time -D_FORTIFY_SOURCE=2 -I/usr/include/python2.7 -I/usr/include/x86_64-linux-gnu/python2.7 conftest.c
conftest.c:9:10: fatal error: ac_nonexistent.h: No such file or directory
 #include <ac_nonexistent.h>
          ^~~~~~~~~~~~~~~~~~
compilation terminated.
configure:3430: $? = 1
configure: failed program was:
| /* confdefs.h */
| #define PACKAGE_NAME "libtorrent-rasterbar"
| #define PACKAGE_TARNAME "libtorrent-rasterbar"
| #define PACKAGE_VERSION "1.2.2"
| #define PACKAGE_STRING "libtorrent-rasterbar 1.2.2"
| #define PACKAGE_BUGREPORT "arvid@libtorrent.org"
| #define PACKAGE_URL "http://www.libtorrent.org"
| /* end confdefs.h.  */
| #include <ac_nonexistent.h>
configure:3459: checking whether gcc and cc understand -c and -o together
configure:3490: gcc -c conftest.c -o conftest2.o >&5
configure:3494: $? = 0
configure:3500: gcc -c conftest.c -o conftest2.o >&5
configure:3504: $? = 0
configure:3515: cc -c conftest.c >&5
configure:3519: $? = 0
configure:3527: cc -c conftest.c -o conftest2.o >&5
configure:3531: $? = 0
configure:3537: cc -c conftest.c -o conftest2.o >&5
configure:3541: $? = 0
configure:3559: result: yes
configure:3627: checking for g++
configure:3643: found /usr/bin/g++
configure:3654: result: g++
configure:3681: checking for C++ compiler version
configure:3690: g++ --version >&5
g++ (Debian 8.3.0-6) 8.3.0
Copyright (C) 2018 Free Software Foundation, Inc.
This is free software; see the source for copying conditions.  There is NO
warranty; not even for MERCHANTABILITY or FITNESS FOR A PARTICULAR PURPOSE.

configure:3701: $? = 0
configure:3690: g++ -v >&5
Using built-in specs.
COLLECT_GCC=g++
COLLECT_LTO_WRAPPER=/usr/lib/gcc/x86_64-linux-gnu/8/lto-wrapper
OFFLOAD_TARGET_NAMES=nvptx-none
OFFLOAD_TARGET_DEFAULT=1
Target: x86_64-linux-gnu
Configured with: ../src/configure -v --with-pkgversion='Debian 8.3.0-6' --with-bugurl=file:///usr/share/doc/gcc-8/README.Bugs --enable-languages=c,ada,c++,go,brig,d,fortran,objc,obj-c++ --prefix=/usr --with-gcc-major-version-only --program-suffix=-8 --program-prefix=x86_64-linux-gnu- --enable-shared --enable-linker-build-id --libexecdir=/usr/lib --without-included-gettext --enable-threads=posix --libdir=/usr/lib --enable-nls --enable-bootstrap --enable-clocale=gnu --enable-libstdcxx-debug --enable-libstdcxx-time=yes --with-default-libstdcxx-abi=new --enable-gnu-unique-object --disable-vtable-verify --enable-libmpx --enable-plugin --enable-default-pie --with-system-zlib --with-target-system-zlib --enable-objc-gc=auto --enable-multiarch --disable-werror --with-arch-32=i686 --with-abi=m64 --with-multilib-list=m32,m64,mx32 --enable-multilib --with-tune=generic --enable-offload-targets=nvptx-none --without-cuda-driver --enable-checking=release --build=x86_64-linux-gnu --host=x86_64-linux-gnu --target=x86_64-linux-gnu
Thread model: posix
gcc version 8.3.0 (Debian 8.3.0-6) 
configure:3701: $? = 0
configure:3690: g++ -V >&5
g++: error: unrecognized command line option '-V'
g++: fatal error: no input files
compilation terminated.
configure:3701: $? = 1
configure:3690: g++ -qversion >&5
g++: error: unrecognized command line option '-qversion'; did you mean '--version'?
g++: fatal error: no input files
compilation terminated.
configure:3701: $? = 1
configure:3705: checking whether we are using the GNU C++ compiler
configure:3724: g++ -c -g -O2 -fdebug-prefix-map=/home/rtorrent/work/git/deluge_experiments_debian10/sources/libtorrent-rasterbar/1.2-wip/libtorrent-rasterbar-1.2.2=. -fstack-protector-strong -Wformat -Werror=format-security -Wdate-time -D_FORTIFY_SOURCE=2 -I/usr/include/python2.7 -I/usr/include/x86_64-linux-gnu/python2.7 conftest.cpp >&5
configure:3724: $? = 0
configure:3733: result: yes
configure:3742: checking whether g++ accepts -g
configure:3762: g++ -c -g -Wdate-time -D_FORTIFY_SOURCE=2 -I/usr/include/python2.7 -I/usr/include/x86_64-linux-gnu/python2.7 conftest.cpp >&5
configure:3762: $? = 0
configure:3803: result: yes
configure:3831: checking how to run the C++ preprocessor
configure:3858: g++ -E -Wdate-time -D_FORTIFY_SOURCE=2 -I/usr/include/python2.7 -I/usr/include/x86_64-linux-gnu/python2.7 conftest.cpp
configure:3858: $? = 0
configure:3872: g++ -E -Wdate-time -D_FORTIFY_SOURCE=2 -I/usr/include/python2.7 -I/usr/include/x86_64-linux-gnu/python2.7 conftest.cpp
conftest.cpp:9:10: fatal error: ac_nonexistent.h: No such file or directory
 #include <ac_nonexistent.h>
          ^~~~~~~~~~~~~~~~~~
compilation terminated.
configure:3872: $? = 1
configure: failed program was:
| /* confdefs.h */
| #define PACKAGE_NAME "libtorrent-rasterbar"
| #define PACKAGE_TARNAME "libtorrent-rasterbar"
| #define PACKAGE_VERSION "1.2.2"
| #define PACKAGE_STRING "libtorrent-rasterbar 1.2.2"
| #define PACKAGE_BUGREPORT "arvid@libtorrent.org"
| #define PACKAGE_URL "http://www.libtorrent.org"
| /* end confdefs.h.  */
| #include <ac_nonexistent.h>
configure:3897: result: g++ -E
configure:3917: g++ -E -Wdate-time -D_FORTIFY_SOURCE=2 -I/usr/include/python2.7 -I/usr/include/x86_64-linux-gnu/python2.7 conftest.cpp
configure:3917: $? = 0
configure:3931: g++ -E -Wdate-time -D_FORTIFY_SOURCE=2 -I/usr/include/python2.7 -I/usr/include/x86_64-linux-gnu/python2.7 conftest.cpp
conftest.cpp:9:10: fatal error: ac_nonexistent.h: No such file or directory
 #include <ac_nonexistent.h>
          ^~~~~~~~~~~~~~~~~~
compilation terminated.
configure:3931: $? = 1
configure: failed program was:
| /* confdefs.h */
| #define PACKAGE_NAME "libtorrent-rasterbar"
| #define PACKAGE_TARNAME "libtorrent-rasterbar"
| #define PACKAGE_VERSION "1.2.2"
| #define PACKAGE_STRING "libtorrent-rasterbar 1.2.2"
| #define PACKAGE_BUGREPORT "arvid@libtorrent.org"
| #define PACKAGE_URL "http://www.libtorrent.org"
| /* end confdefs.h.  */
| #include <ac_nonexistent.h>
configure:3964: checking whether g++ understands -c and -o together
configure:3988: g++ -g -O2 -fdebug-prefix-map=/home/rtorrent/work/git/deluge_experiments_debian10/sources/libtorrent-rasterbar/1.2-wip/libtorrent-rasterbar-1.2.2=. -fstack-protector-strong -Wformat -Werror=format-security -c conftest.cpp -o conftest2.o >&5
configure:3992: $? = 0
configure:3999: g++ -g -O2 -fdebug-prefix-map=/home/rtorrent/work/git/deluge_experiments_debian10/sources/libtorrent-rasterbar/1.2-wip/libtorrent-rasterbar-1.2.2=. -fstack-protector-strong -Wformat -Werror=format-security -c conftest.cpp -o conftest2.o >&5
configure:4003: $? = 0
configure:4011: result: yes
configure:4031: checking build system type
configure:4045: result: x86_64-pc-linux-gnu
configure:4065: checking host system type
configure:4078: result: x86_64-pc-linux-gnu
configure:4098: checking target system type
configure:4111: result: x86_64-pc-linux-gnu
configure:4156: checking for a BSD-compatible install
configure:4224: result: /usr/bin/install -c
configure:4235: checking whether build environment is sane
configure:4290: result: yes
configure:4436: checking for a thread-safe mkdir -p
configure:4475: result: /bin/mkdir -p
configure:4482: checking for gawk
configure:4498: found /usr/bin/gawk
configure:4509: result: gawk
configure:4520: checking whether make sets $(MAKE)
configure:4542: result: yes
configure:4564: checking whether make supports the include directive
configure:4579: make -f confmf.GNU && cat confinc.out
make[2]: Entering directory '/home/rtorrent/work/git/deluge_experiments_debian10/sources/libtorrent-rasterbar/1.2-wip/libtorrent-rasterbar-1.2.2/build-py2.7'
make[2]: Leaving directory '/home/rtorrent/work/git/deluge_experiments_debian10/sources/libtorrent-rasterbar/1.2-wip/libtorrent-rasterbar-1.2.2/build-py2.7'
this is the am__doit target
configure:4582: $? = 0
configure:4601: result: yes (GNU style)
configure:4697: checking dependency style of gcc
configure:4808: result: none
configure:4825: checking dependency style of g++
configure:4936: result: none
configure:4995: checking whether to enable maintainer-specific portions of Makefiles
configure:5004: result: no
configure:5067: checking how to print strings
configure:5094: result: printf
configure:5115: checking for a sed that does not truncate output
configure:5179: result: /bin/sed
configure:5197: checking for grep that handles long lines and -e
configure:5255: result: /bin/grep
configure:5260: checking for egrep
configure:5322: result: /bin/grep -E
configure:5327: checking for fgrep
configure:5389: result: /bin/grep -F
configure:5424: checking for ld used by gcc
configure:5491: result: /usr/bin/ld
configure:5498: checking if the linker (/usr/bin/ld) is GNU ld
configure:5513: result: yes
configure:5525: checking for BSD- or MS-compatible name lister (nm)
configure:5579: result: /usr/bin/nm -B
configure:5709: checking the name lister (/usr/bin/nm -B) interface
configure:5716: gcc -c -g -O2 -fdebug-prefix-map=/home/rtorrent/work/git/deluge_experiments_debian10/sources/libtorrent-rasterbar/1.2-wip/libtorrent-rasterbar-1.2.2=. -fstack-protector-strong -Wformat -Werror=format-security -Wdate-time -D_FORTIFY_SOURCE=2 -I/usr/include/python2.7 -I/usr/include/x86_64-linux-gnu/python2.7 conftest.c >&5
configure:5719: /usr/bin/nm -B "conftest.o"
configure:5722: output
0000000000000000 B some_variable
configure:5723: result: BSD nm
configure:5726: checking whether ln -s works
configure:5730: result: yes
configure:5738: checking the maximum length of command line arguments
configure:5869: result: 1572864
configure:5917: checking how to convert x86_64-pc-linux-gnu file names to x86_64-pc-linux-gnu format
configure:5957: result: func_convert_file_noop
configure:5964: checking how to convert x86_64-pc-linux-gnu file names to toolchain format
configure:5984: result: func_convert_file_noop
configure:5991: checking for /usr/bin/ld option to reload object files
configure:5998: result: -r
configure:6072: checking for objdump
configure:6088: found /usr/bin/objdump
configure:6099: result: objdump
configure:6131: checking how to recognize dependent libraries
configure:6331: result: pass_all
configure:6416: checking for dlltool
configure:6446: result: no
configure:6476: checking how to associate runtime and link libraries
configure:6503: result: printf %s\n
configure:6564: checking for ar
configure:6580: found /usr/bin/ar
configure:6591: result: ar
configure:6628: checking for archiver @FILE support
configure:6645: gcc -c -g -O2 -fdebug-prefix-map=/home/rtorrent/work/git/deluge_experiments_debian10/sources/libtorrent-rasterbar/1.2-wip/libtorrent-rasterbar-1.2.2=. -fstack-protector-strong -Wformat -Werror=format-security -Wdate-time -D_FORTIFY_SOURCE=2 -I/usr/include/python2.7 -I/usr/include/x86_64-linux-gnu/python2.7 conftest.c >&5
configure:6645: $? = 0
configure:6648: ar rc libconftest.a @conftest.lst >&5
configure:6651: $? = 0
configure:6656: ar rc libconftest.a @conftest.lst >&5
ar: conftest.o: No such file or directory
configure:6659: $? = 1
configure:6658: result: @
configure:6716: checking for strip
configure:6732: found /usr/bin/strip
configure:6743: result: strip
configure:6815: checking for ranlib
configure:6831: found /usr/bin/ranlib
configure:6842: result: ranlib
configure:6944: checking command to parse /usr/bin/nm -B output from gcc object
configure:7097: gcc -c -g -O2 -fdebug-prefix-map=/home/rtorrent/work/git/deluge_experiments_debian10/sources/libtorrent-rasterbar/1.2-wip/libtorrent-rasterbar-1.2.2=. -fstack-protector-strong -Wformat -Werror=format-security -Wdate-time -D_FORTIFY_SOURCE=2 -I/usr/include/python2.7 -I/usr/include/x86_64-linux-gnu/python2.7 conftest.c >&5
configure:7100: $? = 0
configure:7104: /usr/bin/nm -B conftest.o | sed -n -e 's/^.*[	 ]\([ABCDGIRSTW][ABCDGIRSTW]*\)[	 ][	 ]*\([_A-Za-z][_A-Za-z0-9]*\)$/\1 \2 \2/p' | sed '/ __gnu_lto/d' > conftest.nm
configure:7170: gcc -o conftest -g -O2 -fdebug-prefix-map=/home/rtorrent/work/git/deluge_experiments_debian10/sources/libtorrent-rasterbar/1.2-wip/libtorrent-rasterbar-1.2.2=. -fstack-protector-strong -Wformat -Werror=format-security -Wdate-time -D_FORTIFY_SOURCE=2 -I/usr/include/python2.7 -I/usr/include/x86_64-linux-gnu/python2.7 -Wl,-z,relro -Wl,--as-needed conftest.c conftstm.o >&5
configure:7173: $? = 0
configure:7211: result: ok
configure:7258: checking for sysroot
configure:7288: result: no
configure:7295: checking for a working dd
configure:7333: result: /bin/dd
configure:7337: checking how to truncate binary pipes
configure:7352: result: /bin/dd bs=4096 count=1
configure:7488: gcc -c -g -O2 -fdebug-prefix-map=/home/rtorrent/work/git/deluge_experiments_debian10/sources/libtorrent-rasterbar/1.2-wip/libtorrent-rasterbar-1.2.2=. -fstack-protector-strong -Wformat -Werror=format-security -Wdate-time -D_FORTIFY_SOURCE=2 -I/usr/include/python2.7 -I/usr/include/x86_64-linux-gnu/python2.7 conftest.c >&5
configure:7491: $? = 0
configure:7681: checking for mt
configure:7697: found /bin/mt
configure:7708: result: mt
configure:7731: checking if mt is a manifest tool
configure:7737: mt '-?'
configure:7745: result: no
configure:8418: checking for ANSI C header files
configure:8438: gcc -c -g -O2 -fdebug-prefix-map=/home/rtorrent/work/git/deluge_experiments_debian10/sources/libtorrent-rasterbar/1.2-wip/libtorrent-rasterbar-1.2.2=. -fstack-protector-strong -Wformat -Werror=format-security -Wdate-time -D_FORTIFY_SOURCE=2 -I/usr/include/python2.7 -I/usr/include/x86_64-linux-gnu/python2.7 conftest.c >&5
configure:8438: $? = 0
configure:8511: gcc -o conftest -g -O2 -fdebug-prefix-map=/home/rtorrent/work/git/deluge_experiments_debian10/sources/libtorrent-rasterbar/1.2-wip/libtorrent-rasterbar-1.2.2=. -fstack-protector-strong -Wformat -Werror=format-security -Wdate-time -D_FORTIFY_SOURCE=2 -I/usr/include/python2.7 -I/usr/include/x86_64-linux-gnu/python2.7 -Wl,-z,relro -Wl,--as-needed conftest.c  >&5
configure:8511: $? = 0
configure:8511: ./conftest
configure:8511: $? = 0
configure:8522: result: yes
configure:8535: checking for sys/types.h
configure:8535: gcc -c -g -O2 -fdebug-prefix-map=/home/rtorrent/work/git/deluge_experiments_debian10/sources/libtorrent-rasterbar/1.2-wip/libtorrent-rasterbar-1.2.2=. -fstack-protector-strong -Wformat -Werror=format-security -Wdate-time -D_FORTIFY_SOURCE=2 -I/usr/include/python2.7 -I/usr/include/x86_64-linux-gnu/python2.7 conftest.c >&5
configure:8535: $? = 0
configure:8535: result: yes
configure:8535: checking for sys/stat.h
configure:8535: gcc -c -g -O2 -fdebug-prefix-map=/home/rtorrent/work/git/deluge_experiments_debian10/sources/libtorrent-rasterbar/1.2-wip/libtorrent-rasterbar-1.2.2=. -fstack-protector-strong -Wformat -Werror=format-security -Wdate-time -D_FORTIFY_SOURCE=2 -I/usr/include/python2.7 -I/usr/include/x86_64-linux-gnu/python2.7 conftest.c >&5
configure:8535: $? = 0
configure:8535: result: yes
configure:8535: checking for stdlib.h
configure:8535: gcc -c -g -O2 -fdebug-prefix-map=/home/rtorrent/work/git/deluge_experiments_debian10/sources/libtorrent-rasterbar/1.2-wip/libtorrent-rasterbar-1.2.2=. -fstack-protector-strong -Wformat -Werror=format-security -Wdate-time -D_FORTIFY_SOURCE=2 -I/usr/include/python2.7 -I/usr/include/x86_64-linux-gnu/python2.7 conftest.c >&5
configure:8535: $? = 0
configure:8535: result: yes
configure:8535: checking for string.h
configure:8535: gcc -c -g -O2 -fdebug-prefix-map=/home/rtorrent/work/git/deluge_experiments_debian10/sources/libtorrent-rasterbar/1.2-wip/libtorrent-rasterbar-1.2.2=. -fstack-protector-strong -Wformat -Werror=format-security -Wdate-time -D_FORTIFY_SOURCE=2 -I/usr/include/python2.7 -I/usr/include/x86_64-linux-gnu/python2.7 conftest.c >&5
configure:8535: $? = 0
configure:8535: result: yes
configure:8535: checking for memory.h
configure:8535: gcc -c -g -O2 -fdebug-prefix-map=/home/rtorrent/work/git/deluge_experiments_debian10/sources/libtorrent-rasterbar/1.2-wip/libtorrent-rasterbar-1.2.2=. -fstack-protector-strong -Wformat -Werror=format-security -Wdate-time -D_FORTIFY_SOURCE=2 -I/usr/include/python2.7 -I/usr/include/x86_64-linux-gnu/python2.7 conftest.c >&5
configure:8535: $? = 0
configure:8535: result: yes
configure:8535: checking for strings.h
configure:8535: gcc -c -g -O2 -fdebug-prefix-map=/home/rtorrent/work/git/deluge_experiments_debian10/sources/libtorrent-rasterbar/1.2-wip/libtorrent-rasterbar-1.2.2=. -fstack-protector-strong -Wformat -Werror=format-security -Wdate-time -D_FORTIFY_SOURCE=2 -I/usr/include/python2.7 -I/usr/include/x86_64-linux-gnu/python2.7 conftest.c >&5
configure:8535: $? = 0
configure:8535: result: yes
configure:8535: checking for inttypes.h
configure:8535: gcc -c -g -O2 -fdebug-prefix-map=/home/rtorrent/work/git/deluge_experiments_debian10/sources/libtorrent-rasterbar/1.2-wip/libtorrent-rasterbar-1.2.2=. -fstack-protector-strong -Wformat -Werror=format-security -Wdate-time -D_FORTIFY_SOURCE=2 -I/usr/include/python2.7 -I/usr/include/x86_64-linux-gnu/python2.7 conftest.c >&5
configure:8535: $? = 0
configure:8535: result: yes
configure:8535: checking for stdint.h
configure:8535: gcc -c -g -O2 -fdebug-prefix-map=/home/rtorrent/work/git/deluge_experiments_debian10/sources/libtorrent-rasterbar/1.2-wip/libtorrent-rasterbar-1.2.2=. -fstack-protector-strong -Wformat -Werror=format-security -Wdate-time -D_FORTIFY_SOURCE=2 -I/usr/include/python2.7 -I/usr/include/x86_64-linux-gnu/python2.7 conftest.c >&5
configure:8535: $? = 0
configure:8535: result: yes
configure:8535: checking for unistd.h
configure:8535: gcc -c -g -O2 -fdebug-prefix-map=/home/rtorrent/work/git/deluge_experiments_debian10/sources/libtorrent-rasterbar/1.2-wip/libtorrent-rasterbar-1.2.2=. -fstack-protector-strong -Wformat -Werror=format-security -Wdate-time -D_FORTIFY_SOURCE=2 -I/usr/include/python2.7 -I/usr/include/x86_64-linux-gnu/python2.7 conftest.c >&5
configure:8535: $? = 0
configure:8535: result: yes
configure:8549: checking for dlfcn.h
configure:8549: gcc -c -g -O2 -fdebug-prefix-map=/home/rtorrent/work/git/deluge_experiments_debian10/sources/libtorrent-rasterbar/1.2-wip/libtorrent-rasterbar-1.2.2=. -fstack-protector-strong -Wformat -Werror=format-security -Wdate-time -D_FORTIFY_SOURCE=2 -I/usr/include/python2.7 -I/usr/include/x86_64-linux-gnu/python2.7 conftest.c >&5
configure:8549: $? = 0
configure:8549: result: yes
configure:8816: checking for objdir
configure:8831: result: .libs
configure:9095: checking if gcc supports -fno-rtti -fno-exceptions
configure:9113: gcc -c -g -O2 -fdebug-prefix-map=/home/rtorrent/work/git/deluge_experiments_debian10/sources/libtorrent-rasterbar/1.2-wip/libtorrent-rasterbar-1.2.2=. -fstack-protector-strong -Wformat -Werror=format-security -Wdate-time -D_FORTIFY_SOURCE=2 -I/usr/include/python2.7 -I/usr/include/x86_64-linux-gnu/python2.7 -fno-rtti -fno-exceptions conftest.c >&5
cc1: warning: command line option '-fno-rtti' is valid for C++/ObjC++ but not for C
configure:9117: $? = 0
configure:9130: result: no
configure:9488: checking for gcc option to produce PIC
configure:9495: result: -fPIC -DPIC
configure:9503: checking if gcc PIC flag -fPIC -DPIC works
configure:9521: gcc -c -g -O2 -fdebug-prefix-map=/home/rtorrent/work/git/deluge_experiments_debian10/sources/libtorrent-rasterbar/1.2-wip/libtorrent-rasterbar-1.2.2=. -fstack-protector-strong -Wformat -Werror=format-security -Wdate-time -D_FORTIFY_SOURCE=2 -I/usr/include/python2.7 -I/usr/include/x86_64-linux-gnu/python2.7 -fPIC -DPIC -DPIC conftest.c >&5
configure:9525: $? = 0
configure:9538: result: yes
configure:9567: checking if gcc static flag -static works
configure:9595: result: yes
configure:9610: checking if gcc supports -c -o file.o
configure:9631: gcc -c -g -O2 -fdebug-prefix-map=/home/rtorrent/work/git/deluge_experiments_debian10/sources/libtorrent-rasterbar/1.2-wip/libtorrent-rasterbar-1.2.2=. -fstack-protector-strong -Wformat -Werror=format-security -Wdate-time -D_FORTIFY_SOURCE=2 -I/usr/include/python2.7 -I/usr/include/x86_64-linux-gnu/python2.7 -o out/conftest2.o conftest.c >&5
configure:9635: $? = 0
configure:9657: result: yes
configure:9665: checking if gcc supports -c -o file.o
configure:9712: result: yes
configure:9745: checking whether the gcc linker (/usr/bin/ld -m elf_x86_64) supports shared libraries
configure:11008: result: yes
configure:11045: checking whether -lc should be explicitly linked in
configure:11053: gcc -c -g -O2 -fdebug-prefix-map=/home/rtorrent/work/git/deluge_experiments_debian10/sources/libtorrent-rasterbar/1.2-wip/libtorrent-rasterbar-1.2.2=. -fstack-protector-strong -Wformat -Werror=format-security -Wdate-time -D_FORTIFY_SOURCE=2 -I/usr/include/python2.7 -I/usr/include/x86_64-linux-gnu/python2.7 conftest.c >&5
configure:11056: $? = 0
configure:11071: gcc -shared  -fPIC -DPIC conftest.o  -v -Wl,-soname -Wl,conftest -o conftest 2\>\&1 \| /bin/grep  -lc  \>/dev/null 2\>\&1
configure:11074: $? = 0
configure:11088: result: no
configure:11248: checking dynamic linker characteristics
configure:11829: gcc -o conftest -g -O2 -fdebug-prefix-map=/home/rtorrent/work/git/deluge_experiments_debian10/sources/libtorrent-rasterbar/1.2-wip/libtorrent-rasterbar-1.2.2=. -fstack-protector-strong -Wformat -Werror=format-security -Wdate-time -D_FORTIFY_SOURCE=2 -I/usr/include/python2.7 -I/usr/include/x86_64-linux-gnu/python2.7 -Wl,-z,relro -Wl,--as-needed -Wl,-rpath -Wl,/foo conftest.c  >&5
configure:11829: $? = 0
configure:12078: result: GNU/Linux ld.so
configure:12200: checking how to hardcode library paths into programs
configure:12225: result: immediate
configure:12773: checking whether stripping libraries is possible
configure:12778: result: yes
configure:12813: checking if libtool supports shared libraries
configure:12815: result: yes
configure:12818: checking whether to build shared libraries
configure:12843: result: yes
configure:12846: checking whether to build static libraries
configure:12850: result: yes
configure:9649: checking how to run the C++ preprocessor
configure:9715: result: g++ -E
configure:9735: g++ -E -Wdate-time -D_FORTIFY_SOURCE=2 -I/usr/include/python2.7 -I/usr/include/x86_64-linux-gnu/python2.7 conftest.cpp
configure:9735: $? = 0
configure:9749: g++ -E -Wdate-time -D_FORTIFY_SOURCE=2 -I/usr/include/python2.7 -I/usr/include/x86_64-linux-gnu/python2.7 conftest.cpp
conftest.cpp:23:10: fatal error: ac_nonexistent.h: No such file or directory
 #include <ac_nonexistent.h>
          ^~~~~~~~~~~~~~~~~~
compilation terminated.
configure:9749: $? = 1
configure: failed program was:
| /* confdefs.h */
| #define PACKAGE_NAME "libtorrent-rasterbar"
| #define PACKAGE_TARNAME "libtorrent-rasterbar"
| #define PACKAGE_VERSION "1.2.2"
| #define PACKAGE_STRING "libtorrent-rasterbar 1.2.2"
| #define PACKAGE_BUGREPORT "arvid@libtorrent.org"
| #define PACKAGE_URL "http://www.libtorrent.org"
| #define PACKAGE "libtorrent-rasterbar"
| #define VERSION "1.2.2"
| #define STDC_HEADERS 1
| #define HAVE_SYS_TYPES_H 1
| #define HAVE_SYS_STAT_H 1
| #define HAVE_STDLIB_H 1
| #define HAVE_STRING_H 1
| #define HAVE_MEMORY_H 1
| #define HAVE_STRINGS_H 1
| #define HAVE_INTTYPES_H 1
| #define HAVE_STDINT_H 1
| #define HAVE_UNISTD_H 1
| #define HAVE_DLFCN_H 1
| #define LT_OBJDIR ".libs/"
| /* end confdefs.h.  */
| #include <ac_nonexistent.h>
configure:9911: checking for ld used by g++
configure:9978: result: /usr/bin/ld -m elf_x86_64
configure:9985: checking if the linker (/usr/bin/ld -m elf_x86_64) is GNU ld
configure:10000: result: yes
configure:10055: checking whether the g++ linker (/usr/bin/ld -m elf_x86_64) supports shared libraries
configure:11128: result: yes
configure:11164: g++ -c -g -O2 -fdebug-prefix-map=/home/rtorrent/work/git/deluge_experiments_debian10/sources/libtorrent-rasterbar/1.2-wip/libtorrent-rasterbar-1.2.2=. -fstack-protector-strong -Wformat -Werror=format-security -Wdate-time -D_FORTIFY_SOURCE=2 -I/usr/include/python2.7 -I/usr/include/x86_64-linux-gnu/python2.7 conftest.cpp >&5
configure:11167: $? = 0
configure:11648: checking for g++ option to produce PIC
configure:11655: result: -fPIC -DPIC
configure:11663: checking if g++ PIC flag -fPIC -DPIC works
configure:11681: g++ -c -g -O2 -fdebug-prefix-map=/home/rtorrent/work/git/deluge_experiments_debian10/sources/libtorrent-rasterbar/1.2-wip/libtorrent-rasterbar-1.2.2=. -fstack-protector-strong -Wformat -Werror=format-security -Wdate-time -D_FORTIFY_SOURCE=2 -I/usr/include/python2.7 -I/usr/include/x86_64-linux-gnu/python2.7 -fPIC -DPIC -DPIC conftest.cpp >&5
configure:11685: $? = 0
configure:11698: result: yes
configure:11721: checking if g++ static flag -static works
configure:11749: result: yes
configure:11761: checking if g++ supports -c -o file.o
configure:11782: g++ -c -g -O2 -fdebug-prefix-map=/home/rtorrent/work/git/deluge_experiments_debian10/sources/libtorrent-rasterbar/1.2-wip/libtorrent-rasterbar-1.2.2=. -fstack-protector-strong -Wformat -Werror=format-security -Wdate-time -D_FORTIFY_SOURCE=2 -I/usr/include/python2.7 -I/usr/include/x86_64-linux-gnu/python2.7 -o out/conftest2.o conftest.cpp >&5
configure:11786: $? = 0
configure:11808: result: yes
configure:11813: checking if g++ supports -c -o file.o
configure:11860: result: yes
configure:11890: checking whether the g++ linker (/usr/bin/ld -m elf_x86_64) supports shared libraries
configure:11933: result: yes
configure:12074: checking dynamic linker characteristics
configure:12831: result: GNU/Linux ld.so
configure:12896: checking how to hardcode library paths into programs
configure:12921: result: immediate
configure:12042: checking for the pthreads library -lpthreads
configure:12075: gcc -o conftest -g -O2 -fdebug-prefix-map=/home/rtorrent/work/git/deluge_experiments_debian10/sources/libtorrent-rasterbar/1.2-wip/libtorrent-rasterbar-1.2.2=. -fstack-protector-strong -Wformat -Werror=format-security  -Wdate-time -D_FORTIFY_SOURCE=2 -I/usr/include/python2.7 -I/usr/include/x86_64-linux-gnu/python2.7 -Wl,-z,relro -Wl,--as-needed conftest.c -lpthreads  >&5
conftest.c: In function 'main':
conftest.c:28:22: warning: null argument where non-null required (argument 1) [-Wnonnull]
                      pthread_attr_init(0); pthread_cleanup_push(0, 0);
                      ^~~~~~~~~~~~~~~~~
conftest.c:29:22: warning: null argument where non-null required (argument 1) [-Wnonnull]
                      pthread_create(0,0,0,0); pthread_cleanup_pop(0);
                      ^~~~~~~~~~~~~~
conftest.c:29:22: warning: null argument where non-null required (argument 3) [-Wnonnull]
/usr/bin/ld: cannot find -lpthreads
collect2: error: ld returned 1 exit status
configure:12075: $? = 1
configure: failed program was:
| /* confdefs.h */
| #define PACKAGE_NAME "libtorrent-rasterbar"
| #define PACKAGE_TARNAME "libtorrent-rasterbar"
| #define PACKAGE_VERSION "1.2.2"
| #define PACKAGE_STRING "libtorrent-rasterbar 1.2.2"
| #define PACKAGE_BUGREPORT "arvid@libtorrent.org"
| #define PACKAGE_URL "http://www.libtorrent.org"
| #define PACKAGE "libtorrent-rasterbar"
| #define VERSION "1.2.2"
| #define STDC_HEADERS 1
| #define HAVE_SYS_TYPES_H 1
| #define HAVE_SYS_STAT_H 1
| #define HAVE_STDLIB_H 1
| #define HAVE_STRING_H 1
| #define HAVE_MEMORY_H 1
| #define HAVE_STRINGS_H 1
| #define HAVE_INTTYPES_H 1
| #define HAVE_STDINT_H 1
| #define HAVE_UNISTD_H 1
| #define HAVE_DLFCN_H 1
| #define LT_OBJDIR ".libs/"
| /* end confdefs.h.  */
| #include <pthread.h>
| int
| main ()
| {
| pthread_t th; pthread_join(th, 0);
|                      pthread_attr_init(0); pthread_cleanup_push(0, 0);
|                      pthread_create(0,0,0,0); pthread_cleanup_pop(0);
|   ;
|   return 0;
| }
configure:12084: result: no
configure:11987: checking whether pthreads work without any flags
configure:12075: gcc -o conftest -g -O2 -fdebug-prefix-map=/home/rtorrent/work/git/deluge_experiments_debian10/sources/libtorrent-rasterbar/1.2-wip/libtorrent-rasterbar-1.2.2=. -fstack-protector-strong -Wformat -Werror=format-security  -Wdate-time -D_FORTIFY_SOURCE=2 -I/usr/include/python2.7 -I/usr/include/x86_64-linux-gnu/python2.7 -Wl,-z,relro -Wl,--as-needed conftest.c   >&5
conftest.c: In function 'main':
conftest.c:28:22: warning: null argument where non-null required (argument 1) [-Wnonnull]
                      pthread_attr_init(0); pthread_cleanup_push(0, 0);
                      ^~~~~~~~~~~~~~~~~
conftest.c:29:22: warning: null argument where non-null required (argument 1) [-Wnonnull]
                      pthread_create(0,0,0,0); pthread_cleanup_pop(0);
                      ^~~~~~~~~~~~~~
conftest.c:29:22: warning: null argument where non-null required (argument 3) [-Wnonnull]
/usr/bin/ld: /tmp/ccq1Yy49.o: in function `main':
./build-py2.7/conftest.c:27: undefined reference to `pthread_join'
/usr/bin/ld: ./build-py2.7/conftest.c:28: undefined reference to `__pthread_register_cancel'
/usr/bin/ld: ./build-py2.7/conftest.c:29: undefined reference to `pthread_create'
/usr/bin/ld: ./build-py2.7/conftest.c:29: undefined reference to `__pthread_unregister_cancel'
collect2: error: ld returned 1 exit status
configure:12075: $? = 1
configure: failed program was:
| /* confdefs.h */
| #define PACKAGE_NAME "libtorrent-rasterbar"
| #define PACKAGE_TARNAME "libtorrent-rasterbar"
| #define PACKAGE_VERSION "1.2.2"
| #define PACKAGE_STRING "libtorrent-rasterbar 1.2.2"
| #define PACKAGE_BUGREPORT "arvid@libtorrent.org"
| #define PACKAGE_URL "http://www.libtorrent.org"
| #define PACKAGE "libtorrent-rasterbar"
| #define VERSION "1.2.2"
| #define STDC_HEADERS 1
| #define HAVE_SYS_TYPES_H 1
| #define HAVE_SYS_STAT_H 1
| #define HAVE_STDLIB_H 1
| #define HAVE_STRING_H 1
| #define HAVE_MEMORY_H 1
| #define HAVE_STRINGS_H 1
| #define HAVE_INTTYPES_H 1
| #define HAVE_STDINT_H 1
| #define HAVE_UNISTD_H 1
| #define HAVE_DLFCN_H 1
| #define LT_OBJDIR ".libs/"
| /* end confdefs.h.  */
| #include <pthread.h>
| int
| main ()
| {
| pthread_t th; pthread_join(th, 0);
|                      pthread_attr_init(0); pthread_cleanup_push(0, 0);
|                      pthread_create(0,0,0,0); pthread_cleanup_pop(0);
|   ;
|   return 0;
| }
configure:12084: result: no
configure:11992: checking whether pthreads work with -Kthread
configure:12075: gcc -o conftest -g -O2 -fdebug-prefix-map=/home/rtorrent/work/git/deluge_experiments_debian10/sources/libtorrent-rasterbar/1.2-wip/libtorrent-rasterbar-1.2.2=. -fstack-protector-strong -Wformat -Werror=format-security -Kthread -Wdate-time -D_FORTIFY_SOURCE=2 -I/usr/include/python2.7 -I/usr/include/x86_64-linux-gnu/python2.7 -Wl,-z,relro -Wl,--as-needed conftest.c   >&5
gcc: error: unrecognized command line option '-Kthread'; did you mean '-pthread'?
configure:12075: $? = 1
configure: failed program was:
| /* confdefs.h */
| #define PACKAGE_NAME "libtorrent-rasterbar"
| #define PACKAGE_TARNAME "libtorrent-rasterbar"
| #define PACKAGE_VERSION "1.2.2"
| #define PACKAGE_STRING "libtorrent-rasterbar 1.2.2"
| #define PACKAGE_BUGREPORT "arvid@libtorrent.org"
| #define PACKAGE_URL "http://www.libtorrent.org"
| #define PACKAGE "libtorrent-rasterbar"
| #define VERSION "1.2.2"
| #define STDC_HEADERS 1
| #define HAVE_SYS_TYPES_H 1
| #define HAVE_SYS_STAT_H 1
| #define HAVE_STDLIB_H 1
| #define HAVE_STRING_H 1
| #define HAVE_MEMORY_H 1
| #define HAVE_STRINGS_H 1
| #define HAVE_INTTYPES_H 1
| #define HAVE_STDINT_H 1
| #define HAVE_UNISTD_H 1
| #define HAVE_DLFCN_H 1
| #define LT_OBJDIR ".libs/"
| /* end confdefs.h.  */
| #include <pthread.h>
| int
| main ()
| {
| pthread_t th; pthread_join(th, 0);
|                      pthread_attr_init(0); pthread_cleanup_push(0, 0);
|                      pthread_create(0,0,0,0); pthread_cleanup_pop(0);
|   ;
|   return 0;
| }
configure:12084: result: no
configure:11992: checking whether pthreads work with -kthread
configure:12075: gcc -o conftest -g -O2 -fdebug-prefix-map=/home/rtorrent/work/git/deluge_experiments_debian10/sources/libtorrent-rasterbar/1.2-wip/libtorrent-rasterbar-1.2.2=. -fstack-protector-strong -Wformat -Werror=format-security -kthread -Wdate-time -D_FORTIFY_SOURCE=2 -I/usr/include/python2.7 -I/usr/include/x86_64-linux-gnu/python2.7 -Wl,-z,relro -Wl,--as-needed conftest.c   >&5
gcc: error: unrecognized command line option '-kthread'; did you mean '-pthread'?
configure:12075: $? = 1
configure: failed program was:
| /* confdefs.h */
| #define PACKAGE_NAME "libtorrent-rasterbar"
| #define PACKAGE_TARNAME "libtorrent-rasterbar"
| #define PACKAGE_VERSION "1.2.2"
| #define PACKAGE_STRING "libtorrent-rasterbar 1.2.2"
| #define PACKAGE_BUGREPORT "arvid@libtorrent.org"
| #define PACKAGE_URL "http://www.libtorrent.org"
| #define PACKAGE "libtorrent-rasterbar"
| #define VERSION "1.2.2"
| #define STDC_HEADERS 1
| #define HAVE_SYS_TYPES_H 1
| #define HAVE_SYS_STAT_H 1
| #define HAVE_STDLIB_H 1
| #define HAVE_STRING_H 1
| #define HAVE_MEMORY_H 1
| #define HAVE_STRINGS_H 1
| #define HAVE_INTTYPES_H 1
| #define HAVE_STDINT_H 1
| #define HAVE_UNISTD_H 1
| #define HAVE_DLFCN_H 1
| #define LT_OBJDIR ".libs/"
| /* end confdefs.h.  */
| #include <pthread.h>
| int
| main ()
| {
| pthread_t th; pthread_join(th, 0);
|                      pthread_attr_init(0); pthread_cleanup_push(0, 0);
|                      pthread_create(0,0,0,0); pthread_cleanup_pop(0);
|   ;
|   return 0;
| }
configure:12084: result: no
configure:12042: checking for the pthreads library -llthread
configure:12075: gcc -o conftest -g -O2 -fdebug-prefix-map=/home/rtorrent/work/git/deluge_experiments_debian10/sources/libtorrent-rasterbar/1.2-wip/libtorrent-rasterbar-1.2.2=. -fstack-protector-strong -Wformat -Werror=format-security  -Wdate-time -D_FORTIFY_SOURCE=2 -I/usr/include/python2.7 -I/usr/include/x86_64-linux-gnu/python2.7 -Wl,-z,relro -Wl,--as-needed conftest.c -llthread  >&5
conftest.c: In function 'main':
conftest.c:28:22: warning: null argument where non-null required (argument 1) [-Wnonnull]
                      pthread_attr_init(0); pthread_cleanup_push(0, 0);
                      ^~~~~~~~~~~~~~~~~
conftest.c:29:22: warning: null argument where non-null required (argument 1) [-Wnonnull]
                      pthread_create(0,0,0,0); pthread_cleanup_pop(0);
                      ^~~~~~~~~~~~~~
conftest.c:29:22: warning: null argument where non-null required (argument 3) [-Wnonnull]
/usr/bin/ld: cannot find -llthread
collect2: error: ld returned 1 exit status
configure:12075: $? = 1
configure: failed program was:
| /* confdefs.h */
| #define PACKAGE_NAME "libtorrent-rasterbar"
| #define PACKAGE_TARNAME "libtorrent-rasterbar"
| #define PACKAGE_VERSION "1.2.2"
| #define PACKAGE_STRING "libtorrent-rasterbar 1.2.2"
| #define PACKAGE_BUGREPORT "arvid@libtorrent.org"
| #define PACKAGE_URL "http://www.libtorrent.org"
| #define PACKAGE "libtorrent-rasterbar"
| #define VERSION "1.2.2"
| #define STDC_HEADERS 1
| #define HAVE_SYS_TYPES_H 1
| #define HAVE_SYS_STAT_H 1
| #define HAVE_STDLIB_H 1
| #define HAVE_STRING_H 1
| #define HAVE_MEMORY_H 1
| #define HAVE_STRINGS_H 1
| #define HAVE_INTTYPES_H 1
| #define HAVE_STDINT_H 1
| #define HAVE_UNISTD_H 1
| #define HAVE_DLFCN_H 1
| #define LT_OBJDIR ".libs/"
| /* end confdefs.h.  */
| #include <pthread.h>
| int
| main ()
| {
| pthread_t th; pthread_join(th, 0);
|                      pthread_attr_init(0); pthread_cleanup_push(0, 0);
|                      pthread_create(0,0,0,0); pthread_cleanup_pop(0);
|   ;
|   return 0;
| }
configure:12084: result: no
configure:11992: checking whether pthreads work with -lpthread
configure:12075: gcc -o conftest -g -O2 -fdebug-prefix-map=/home/rtorrent/work/git/deluge_experiments_debian10/sources/libtorrent-rasterbar/1.2-wip/libtorrent-rasterbar-1.2.2=. -fstack-protector-strong -Wformat -Werror=format-security -lpthread -Wdate-time -D_FORTIFY_SOURCE=2 -I/usr/include/python2.7 -I/usr/include/x86_64-linux-gnu/python2.7 -Wl,-z,relro -Wl,--as-needed conftest.c   >&5
conftest.c: In function 'main':
conftest.c:28:22: warning: null argument where non-null required (argument 1) [-Wnonnull]
                      pthread_attr_init(0); pthread_cleanup_push(0, 0);
                      ^~~~~~~~~~~~~~~~~
conftest.c:29:22: warning: null argument where non-null required (argument 1) [-Wnonnull]
                      pthread_create(0,0,0,0); pthread_cleanup_pop(0);
                      ^~~~~~~~~~~~~~
conftest.c:29:22: warning: null argument where non-null required (argument 3) [-Wnonnull]
configure:12075: $? = 0
configure:12084: result: yes
configure:12103: checking for joinable pthread attribute
configure:12118: gcc -o conftest -g -O2 -fdebug-prefix-map=/home/rtorrent/work/git/deluge_experiments_debian10/sources/libtorrent-rasterbar/1.2-wip/libtorrent-rasterbar-1.2.2=. -fstack-protector-strong -Wformat -Werror=format-security -lpthread -Wdate-time -D_FORTIFY_SOURCE=2 -I/usr/include/python2.7 -I/usr/include/x86_64-linux-gnu/python2.7 -Wl,-z,relro -Wl,--as-needed conftest.c   >&5
configure:12118: $? = 0
configure:12124: result: PTHREAD_CREATE_JOINABLE
configure:12134: checking if more special flags are required for pthreads
configure:12141: result: no
configure:12232: checking whether to check for GCC pthread/shared inconsistencies
configure:12245: gcc -o conftest -shared -fPIC -Wl,-z,defs -g -O2 -fdebug-prefix-map=/home/rtorrent/work/git/deluge_experiments_debian10/sources/libtorrent-rasterbar/1.2-wip/libtorrent-rasterbar-1.2.2=. -fstack-protector-strong -Wformat -Werror=format-security -lpthread -Wdate-time -D_FORTIFY_SOURCE=2 -I/usr/include/python2.7 -I/usr/include/x86_64-linux-gnu/python2.7 -Wl,-z,relro -Wl,--as-needed conftest.c   >&5
configure:12245: $? = 0
configure:12257: result: yes
configure:12299: checking whether -lpthread fixes that
configure:12315: gcc -o conftest -shared -fPIC -Wl,-z,defs -g -O2 -fdebug-prefix-map=/home/rtorrent/work/git/deluge_experiments_debian10/sources/libtorrent-rasterbar/1.2-wip/libtorrent-rasterbar-1.2.2=. -fstack-protector-strong -Wformat -Werror=format-security -lpthread -Wdate-time -D_FORTIFY_SOURCE=2 -I/usr/include/python2.7 -I/usr/include/x86_64-linux-gnu/python2.7 -Wl,-z,relro -Wl,--as-needed conftest.c -lpthread   >&5
conftest.c: In function 'main':
conftest.c:28:15: warning: null argument where non-null required (argument 1) [-Wnonnull]
               pthread_attr_init(0); pthread_cleanup_push(0, 0);
               ^~~~~~~~~~~~~~~~~
conftest.c:29:15: warning: null argument where non-null required (argument 1) [-Wnonnull]
               pthread_create(0,0,0,0); pthread_cleanup_pop(0);
               ^~~~~~~~~~~~~~
conftest.c:29:15: warning: null argument where non-null required (argument 3) [-Wnonnull]
configure:12315: $? = 0
configure:12322: result: yes
configure:12410: checking for __attribute__((visibility("hidden")))
configure:12419: gcc -fvisibility=hidden -S visibility_conftest.c -o visibility_conftest.s 1>&5
configure:12422: $? = 0
configure:12431: result: yes
configure:12485: checking for boostlib >= 1.58
configure:12568: g++ -c -g -O2 -fdebug-prefix-map=/home/rtorrent/work/git/deluge_experiments_debian10/sources/libtorrent-rasterbar/1.2-wip/libtorrent-rasterbar-1.2.2=. -fstack-protector-strong -Wformat -Werror=format-security -ftemplate-depth=512 -Wno-format-zero-length -Wdate-time -D_FORTIFY_SOURCE=2 -I/usr/include/python2.7 -I/usr/include/x86_64-linux-gnu/python2.7 -I/usr/include conftest.cpp >&5
configure:12568: $? = 0
configure:12570: result: yes
configure:12733: checking whether g++ supports C++11 features by default
configure:13027: g++ -c -g -O2 -fdebug-prefix-map=/home/rtorrent/work/git/deluge_experiments_debian10/sources/libtorrent-rasterbar/1.2-wip/libtorrent-rasterbar-1.2.2=. -fstack-protector-strong -Wformat -Werror=format-security -ftemplate-depth=512 -Wno-format-zero-length -Wdate-time -D_FORTIFY_SOURCE=2 -I/usr/include/python2.7 -I/usr/include/x86_64-linux-gnu/python2.7 conftest.cpp >&5
configure:13027: $? = 0
configure:13034: result: yes
configure:13418: checking whether the Boost::System library is available
configure:13443: g++ -c  -Wdate-time -D_FORTIFY_SOURCE=2 -I/usr/include/python2.7 -I/usr/include/x86_64-linux-gnu/python2.7 -I/usr/include conftest.cpp >&5
configure:13443: $? = 0
configure:13458: result: yes
configure:13473: checking for exit in -lboost_system
configure:13498: gcc -o conftest -lpthread -g -O2 -fdebug-prefix-map=/home/rtorrent/work/git/deluge_experiments_debian10/sources/libtorrent-rasterbar/1.2-wip/libtorrent-rasterbar-1.2.2=. -fstack-protector-strong -Wformat -Werror=format-security -Wdate-time -D_FORTIFY_SOURCE=2 -I/usr/include/python2.7 -I/usr/include/x86_64-linux-gnu/python2.7 -I/usr/include -Wl,-z,relro -Wl,--as-needed -L/usr/lib/x86_64-linux-gnu conftest.c -lboost_system  -lpthread   >&5
conftest.c:34:6: warning: conflicting types for built-in function 'exit' [-Wbuiltin-declaration-mismatch]
 char exit ();
      ^~~~
configure:13498: $? = 0
configure:13508: result: yes
configure:13693: checking for pkg-config
configure:13711: found /usr/bin/pkg-config
configure:13723: result: /usr/bin/pkg-config
configure:13748: checking pkg-config is at least version 0.20
configure:13751: result: yes
configure:13771: checking for special C compiler options needed for large files
configure:13816: result: no
configure:13822: checking for _FILE_OFFSET_BITS value needed for large files
configure:13847: gcc -c -lpthread -g -O2 -fdebug-prefix-map=/home/rtorrent/work/git/deluge_experiments_debian10/sources/libtorrent-rasterbar/1.2-wip/libtorrent-rasterbar-1.2.2=. -fstack-protector-strong -Wformat -Werror=format-security -I/usr/include -Wdate-time -D_FORTIFY_SOURCE=2 -I/usr/include/python2.7 -I/usr/include/x86_64-linux-gnu/python2.7 conftest.c >&5
configure:13847: $? = 0
configure:13879: result: no
configure:13965: checking whether ln -s works
configure:13969: result: yes
configure:13976: checking whether make sets $(MAKE)
configure:13998: result: yes
configure:14010: checking for clock_gettime
configure:14010: gcc -o conftest -lpthread -g -O2 -fdebug-prefix-map=/home/rtorrent/work/git/deluge_experiments_debian10/sources/libtorrent-rasterbar/1.2-wip/libtorrent-rasterbar-1.2.2=. -fstack-protector-strong -Wformat -Werror=format-security -I/usr/include -Wdate-time -D_FORTIFY_SOURCE=2 -I/usr/include/python2.7 -I/usr/include/x86_64-linux-gnu/python2.7 -L/usr/lib/x86_64-linux-gnu -Wl,-z,relro -Wl,--as-needed conftest.c -lboost_system -lpthread   >&5
configure:14010: $? = 0
configure:14010: result: yes
configure:14243: checking whether deprecated functions should be enabled
configure:14248: result: yes
configure:14267: checking whether debug build should be enabled
configure:14282: result: no
configure:14297: checking whether invariant check should be enabled
configure:14310: result: no
configure:14334: checking whether logging to disk should be enabled
configure:14339: result: yes
configure:14361: checking whether encryption support should be enabled
configure:14366: result: yes
configure:14368: encryption support: now checking for the OpenSSL library...
configure:14391: checking for pkg-config
configure:14421: result: /usr/bin/pkg-config
configure:14477: checking whether compiling and linking against OpenSSL works
Trying link with OPENSSL_LDFLAGS=; OPENSSL_LIBS=-lssl -lcrypto; OPENSSL_INCLUDES=
configure:14499: gcc -o conftest -lpthread -g -O2 -fdebug-prefix-map=/home/rtorrent/work/git/deluge_experiments_debian10/sources/libtorrent-rasterbar/1.2-wip/libtorrent-rasterbar-1.2.2=. -fstack-protector-strong -Wformat -Werror=format-security  -I/usr/include -Wdate-time -D_FORTIFY_SOURCE=2 -I/usr/include/python2.7 -I/usr/include/x86_64-linux-gnu/python2.7 -L/usr/lib/x86_64-linux-gnu -Wl,-z,relro -Wl,--as-needed  conftest.c -lssl -lcrypto -lboost_system -lpthread   >&5
configure:14499: $? = 0
configure:14501: result: yes
configure:14549: checking whether dht support should be enabled
configure:14554: result: yes
configure:14588: checking whether example files should be built
configure:14595: result: no
configure:14604: checking whether test files should be built
configure:14617: result: no
configure:14626: checking whether python bindings should be built
configure:14631: result: yes
configure:14642: checking whether /usr/bin/python2.7 version is >= 2.4
configure:14653: /usr/bin/python2.7 -c import sys # split strings by '.' and convert to numeric. Append some zeros # because we need at least 4 digits for the hex conversion. # map returns an iterator in Python 3.0 and a list in 2.x minver = list(map(int, '2.4'.split('.'))) + [0, 0, 0] minverhex = 0 # xrange is not present in Python 3.0 and range returns an iterator for i in list(range(0, 4)): minverhex = (minverhex << 8) + minver[i] sys.exit(sys.hexversion < minverhex)
configure:14656: $? = 0
configure:14658: result: yes
configure:14751: checking for /usr/bin/python2.7 version
configure:14758: result: 2.7
configure:14770: checking for /usr/bin/python2.7 platform
configure:14777: result: linux2
configure:14803: checking for /usr/bin/python2.7 script directory
configure:14838: result: ${prefix}/lib/python2.7/dist-packages
configure:14847: checking for /usr/bin/python2.7 extension module directory
configure:14882: result: ${exec_prefix}/lib/python2.7/dist-packages
configure:14903: checking for python2.7
configure:14933: result: /usr/bin/python2.7
configure:14949: checking for a version of Python >= '2.1.0'
configure:14975: result: yes
configure:14983: checking for a version of Python >= '2.4'
configure:14989: result: yes
configure:15006: checking for the distutils Python package
configure:15010: result: yes
configure:15024: checking for Python include path
configure:15040: result: -I/usr/include/python2.7
configure:15047: checking for Python library path
configure:15124: result: -L/usr/lib -lpython2.7
configure:15131: checking for Python site-packages path
configure:15137: result: /usr/lib/python2.7/dist-packages
configure:15144: checking python extra libraries
configure:15151: result: -lpthread -ldl  -lutil -lm
configure:15158: checking python extra linking flags
configure:15165: result: -Xlinker -export-dynamic -Wl,-O1 -Wl,-Bsymbolic-functions
configure:15172: checking consistency of all components of python development environment
configure:15200: gcc -o conftest -lpthread -g -O2 -fdebug-prefix-map=/home/rtorrent/work/git/deluge_experiments_debian10/sources/libtorrent-rasterbar/1.2-wip/libtorrent-rasterbar-1.2.2=. -fstack-protector-strong -Wformat -Werror=format-security -fvisibility=hidden -I/usr/include -Wdate-time -D_FORTIFY_SOURCE=2 -I/usr/include/python2.7 -I/usr/include/x86_64-linux-gnu/python2.7 -I/usr/include/python2.7 -L/usr/lib/x86_64-linux-gnu -Wl,-z,relro -Wl,--as-needed -fvisibility=hidden -fvisibility-inlines-hidden -lpthread -ldl  -lutil -lm conftest.c -lboost_system -lpthread   -L/usr/lib -lpython2.7 -Xlinker -export-dynamic -Wl,-O1 -Wl,-Bsymbolic-functions -Xlinker -export-dynamic -Wl,-O1 -Wl,-Bsymbolic-functions >&5
cc1: warning: command line option '-fvisibility-inlines-hidden' is valid for C++/ObjC++ but not for C
configure:15200: $? = 0
configure:15218: result: yes
configure:15274: checking whether the Boost::Python library is available
configure:15292: g++ -c -g -O2 -fdebug-prefix-map=/home/rtorrent/work/git/deluge_experiments_debian10/sources/libtorrent-rasterbar/1.2-wip/libtorrent-rasterbar-1.2.2=. -fstack-protector-strong -Wformat -Werror=format-security -ftemplate-depth=512 -Wno-format-zero-length -fvisibility=hidden -fvisibility-inlines-hidden -I/usr/include -I/usr/include/python2.7 -I/usr/include -Wdate-time -D_FORTIFY_SOURCE=2 -I/usr/include/python2.7 -I/usr/include/x86_64-linux-gnu/python2.7 conftest.cpp >&5
configure:15292: $? = 0
configure:15300: result: yes
configure:15319: checking whether boost_python27 is the correct library
configure:15337: g++ -o conftest -g -O2 -fdebug-prefix-map=/home/rtorrent/work/git/deluge_experiments_debian10/sources/libtorrent-rasterbar/1.2-wip/libtorrent-rasterbar-1.2.2=. -fstack-protector-strong -Wformat -Werror=format-security -ftemplate-depth=512 -Wno-format-zero-length -fvisibility=hidden -fvisibility-inlines-hidden -I/usr/include -I/usr/include/python2.7 -I/usr/include -Wdate-time -D_FORTIFY_SOURCE=2 -I/usr/include/python2.7 -I/usr/include/x86_64-linux-gnu/python2.7 -L/usr/lib/x86_64-linux-gnu -lpython2.7 -lpthread -ldl  -lutil -lm  -L/usr/lib/x86_64-linux-gnu -Wl,-z,relro -Wl,--as-needed -fvisibility=hidden -fvisibility-inlines-hidden conftest.cpp -lboost_python27 -lboost_system -lpthread   -L/usr/lib -lpython2.7 >&5
configure:15337: $? = 0
configure:15346: result: yes
configure:15386: checking whether to link against system libiconv
configure:15406: checking for shared library run path origin
configure:15419: result: done
configure:15815: result: yes
configure:15847: checking for iconv
configure:15869: gcc -o conftest -lpthread -g -O2 -fdebug-prefix-map=/home/rtorrent/work/git/deluge_experiments_debian10/sources/libtorrent-rasterbar/1.2-wip/libtorrent-rasterbar-1.2.2=. -fstack-protector-strong -Wformat -Werror=format-security -fvisibility=hidden -I/usr/include -Wdate-time -D_FORTIFY_SOURCE=2 -I/usr/include/python2.7 -I/usr/include/x86_64-linux-gnu/python2.7 -L/usr/lib/x86_64-linux-gnu -Wl,-z,relro -Wl,--as-needed -fvisibility=hidden -fvisibility-inlines-hidden conftest.c -lboost_system -lpthread   >&5
cc1: warning: command line option '-fvisibility-inlines-hidden' is valid for C++/ObjC++ but not for C
configure:15869: $? = 0
configure:15901: result: yes
configure:15922: checking for iconv declaration
configure:15951: gcc -c -lpthread -g -O2 -fdebug-prefix-map=/home/rtorrent/work/git/deluge_experiments_debian10/sources/libtorrent-rasterbar/1.2-wip/libtorrent-rasterbar-1.2.2=. -fstack-protector-strong -Wformat -Werror=format-security -fvisibility=hidden -I/usr/include -Wdate-time -D_FORTIFY_SOURCE=2 -I/usr/include/python2.7 -I/usr/include/x86_64-linux-gnu/python2.7 conftest.c >&5
configure:15951: $? = 0
configure:15962: result: 
         extern size_t iconv (iconv_t cd, char * *inbuf, size_t *inbytesleft, char * *outbuf, size_t *outbytesleft);
configure:16235: checking that generated files are newer than configure
configure:16241: result: done
configure:16300: creating ./config.status

## ---------------------- ##
## Running config.status. ##
## ---------------------- ##

This file was extended by libtorrent-rasterbar config.status 1.2.2, which was
generated by GNU Autoconf 2.69.  Invocation command line was

  CONFIG_FILES    = 
  CONFIG_HEADERS  = 
  CONFIG_LINKS    = 
  CONFIG_COMMANDS = 
  $ ./config.status 

on hetzner-plex

config.status:1146: creating Makefile
config.status:1146: creating src/Makefile
config.status:1146: creating include/libtorrent/Makefile
config.status:1146: creating examples/Makefile
config.status:1146: creating test/Makefile
config.status:1146: creating tools/Makefile
config.status:1146: creating bindings/Makefile
config.status:1146: creating bindings/python/Makefile
config.status:1146: creating bindings/python/link_flags
config.status:1146: creating bindings/python/compile_flags
config.status:1146: creating bindings/python/compile_cmd
config.status:1146: creating libtorrent-rasterbar.pc
config.status:1303: executing depfiles commands
config.status:1303: executing libtool commands

## ---------------- ##
## Cache variables. ##
## ---------------- ##

ac_cv_boost_python=yes
ac_cv_build=x86_64-pc-linux-gnu
ac_cv_c_compiler_gnu=yes
ac_cv_cxx_compiler_gnu=yes
ac_cv_env_CCC_set=
ac_cv_env_CCC_value=
ac_cv_env_CC_set=
ac_cv_env_CC_value=
ac_cv_env_CFLAGS_set=set
ac_cv_env_CFLAGS_value='-g -O2 -fdebug-prefix-map=/home/rtorrent/work/git/deluge_experiments_debian10/sources/libtorrent-rasterbar/1.2-wip/libtorrent-rasterbar-1.2.2=. -fstack-protector-strong -Wformat -Werror=format-security'
ac_cv_env_CPPFLAGS_set=set
ac_cv_env_CPPFLAGS_value='-Wdate-time -D_FORTIFY_SOURCE=2 -I/usr/include/python2.7 -I/usr/include/x86_64-linux-gnu/python2.7'
ac_cv_env_CPP_set=
ac_cv_env_CPP_value=
ac_cv_env_CXXCPP_set=
ac_cv_env_CXXCPP_value=
ac_cv_env_CXXFLAGS_set=set
ac_cv_env_CXXFLAGS_value='-g -O2 -fdebug-prefix-map=/home/rtorrent/work/git/deluge_experiments_debian10/sources/libtorrent-rasterbar/1.2-wip/libtorrent-rasterbar-1.2.2=. -fstack-protector-strong -Wformat -Werror=format-security'
ac_cv_env_CXX_set=
ac_cv_env_CXX_value=
ac_cv_env_LDFLAGS_set=set
ac_cv_env_LDFLAGS_value='-Wl,-z,relro -Wl,--as-needed'
ac_cv_env_LIBS_set=
ac_cv_env_LIBS_value=
ac_cv_env_LT_SYS_LIBRARY_PATH_set=
ac_cv_env_LT_SYS_LIBRARY_PATH_value=
ac_cv_env_PKG_CONFIG_set=
ac_cv_env_PKG_CONFIG_value=
ac_cv_env_PYTHON_INSTALL_PARAMS_set=set
ac_cv_env_PYTHON_INSTALL_PARAMS_value='--root=/home/rtorrent/work/git/deluge_experiments_debian10/sources/libtorrent-rasterbar/1.2-wip/libtorrent-rasterbar-1.2.2/debian/tmp --install-layout=deb'
ac_cv_env_PYTHON_VERSION_set=
ac_cv_env_PYTHON_VERSION_value=
ac_cv_env_PYTHON_set=set
ac_cv_env_PYTHON_value=/usr/bin/python2.7
ac_cv_env_build_alias_set=set
ac_cv_env_build_alias_value=x86_64-linux-gnu
ac_cv_env_host_alias_set=
ac_cv_env_host_alias_value=
ac_cv_env_target_alias_set=
ac_cv_env_target_alias_value=
ac_cv_func_clock_gettime=yes
ac_cv_header_dlfcn_h=yes
ac_cv_header_inttypes_h=yes
ac_cv_header_memory_h=yes
ac_cv_header_stdc=yes
ac_cv_header_stdint_h=yes
ac_cv_header_stdlib_h=yes
ac_cv_header_string_h=yes
ac_cv_header_strings_h=yes
ac_cv_header_sys_stat_h=yes
ac_cv_header_sys_types_h=yes
ac_cv_header_unistd_h=yes
ac_cv_hidden_visibility_attribute=yes
ac_cv_host=x86_64-pc-linux-gnu
ac_cv_lib_boost_system___exit=yes
ac_cv_objext=o
ac_cv_path_EGREP='/bin/grep -E'
ac_cv_path_FGREP='/bin/grep -F'
ac_cv_path_GREP=/bin/grep
ac_cv_path_PKG_CONFIG=/usr/bin/pkg-config
ac_cv_path_PYTHON=/usr/bin/python2.7
ac_cv_path_SED=/bin/sed
ac_cv_path_ac_pt_PKG_CONFIG=/usr/bin/pkg-config
ac_cv_path_install='/usr/bin/install -c'
ac_cv_path_lt_DD=/bin/dd
ac_cv_path_mkdir=/bin/mkdir
ac_cv_prog_AWK=gawk
ac_cv_prog_CPP='gcc -E'
ac_cv_prog_CXXCPP='g++ -E'
ac_cv_prog_ac_ct_AR=ar
ac_cv_prog_ac_ct_CC=gcc
ac_cv_prog_ac_ct_CXX=g++
ac_cv_prog_ac_ct_MANIFEST_TOOL=mt
ac_cv_prog_ac_ct_OBJDUMP=objdump
ac_cv_prog_ac_ct_RANLIB=ranlib
ac_cv_prog_ac_ct_STRIP=strip
ac_cv_prog_cc_c89=
ac_cv_prog_cc_g=yes
ac_cv_prog_cc_gcc_c_o=yes
ac_cv_prog_cxx_c_o=yes
ac_cv_prog_cxx_g=yes
ac_cv_prog_make_make_set=yes
ac_cv_sys_file_offset_bits=no
ac_cv_sys_largefile_CC=no
ac_cv_target=x86_64-pc-linux-gnu
acl_cv_hardcode_direct=no
acl_cv_hardcode_libdir_flag_spec='${wl}-rpath ${wl}$libdir'
acl_cv_hardcode_libdir_separator=
acl_cv_hardcode_minus_L=no
acl_cv_libext=a
acl_cv_rpath=done
acl_cv_shlibext=so
acl_cv_wl=-Wl,
am_cv_CC_dependencies_compiler_type=none
am_cv_CXX_dependencies_compiler_type=none
am_cv_func_iconv=yes
am_cv_lib_iconv=no
am_cv_make_support_nested_variables=yes
am_cv_prog_cc_c_o=yes
am_cv_proto_iconv='extern size_t iconv (iconv_t cd, char * *inbuf, size_t *inbytesleft, char * *outbuf, size_t *outbytesleft);'
am_cv_proto_iconv_arg1=
am_cv_python_platform=linux2
am_cv_python_pyexecdir='${exec_prefix}/lib/python2.7/dist-packages'
am_cv_python_pythondir='${prefix}/lib/python2.7/dist-packages'
am_cv_python_version=2.7
ax_cv_boost_system=yes
ax_cv_cxx_compile_cxx11=yes
ax_cv_lib_boost_python27___main=yes
lt_cv_ar_at_file=@
lt_cv_archive_cmds_need_lc=no
lt_cv_deplibs_check_method=pass_all
lt_cv_file_magic_cmd='$MAGIC_CMD'
lt_cv_file_magic_test_file=
lt_cv_ld_reload_flag=-r
lt_cv_nm_interface='BSD nm'
lt_cv_objdir=.libs
lt_cv_path_LD=/usr/bin/ld
lt_cv_path_LDCXX='/usr/bin/ld -m elf_x86_64'
lt_cv_path_NM='/usr/bin/nm -B'
lt_cv_path_mainfest_tool=no
lt_cv_prog_compiler_c_o=yes
lt_cv_prog_compiler_c_o_CXX=yes
lt_cv_prog_compiler_pic='-fPIC -DPIC'
lt_cv_prog_compiler_pic_CXX='-fPIC -DPIC'
lt_cv_prog_compiler_pic_works=yes
lt_cv_prog_compiler_pic_works_CXX=yes
lt_cv_prog_compiler_rtti_exceptions=no
lt_cv_prog_compiler_static_works=yes
lt_cv_prog_compiler_static_works_CXX=yes
lt_cv_prog_gnu_ld=yes
lt_cv_prog_gnu_ldcxx=yes
lt_cv_sharedlib_from_linklib_cmd='printf %s\n'
lt_cv_shlibpath_overrides_runpath=yes
lt_cv_sys_global_symbol_pipe='sed -n -e '\''s/^.*[	 ]\([ABCDGIRSTW][ABCDGIRSTW]*\)[	 ][	 ]*\([_A-Za-z][_A-Za-z0-9]*\)$/\1 \2 \2/p'\'' | sed '\''/ __gnu_lto/d'\'''
lt_cv_sys_global_symbol_to_c_name_address='sed -n -e '\''s/^: \(.*\) .*$/  {"\1", (void *) 0},/p'\'' -e '\''s/^[ABCDGIRSTW][ABCDGIRSTW]* .* \(.*\)$/  {"\1", (void *) \&\1},/p'\'''
lt_cv_sys_global_symbol_to_c_name_address_lib_prefix='sed -n -e '\''s/^: \(.*\) .*$/  {"\1", (void *) 0},/p'\'' -e '\''s/^[ABCDGIRSTW][ABCDGIRSTW]* .* \(lib.*\)$/  {"\1", (void *) \&\1},/p'\'' -e '\''s/^[ABCDGIRSTW][ABCDGIRSTW]* .* \(.*\)$/  {"lib\1", (void *) \&\1},/p'\'''
lt_cv_sys_global_symbol_to_cdecl='sed -n -e '\''s/^T .* \(.*\)$/extern int \1();/p'\'' -e '\''s/^[ABCDGIRSTW][ABCDGIRSTW]* .* \(.*\)$/extern char \1;/p'\'''
lt_cv_sys_global_symbol_to_import=
lt_cv_sys_max_cmd_len=1572864
lt_cv_to_host_file_cmd=func_convert_file_noop
lt_cv_to_tool_file_cmd=func_convert_file_noop
lt_cv_truncate_bin='/bin/dd bs=4096 count=1'

## ----------------- ##
## Output variables. ##
## ----------------- ##

ACLOCAL='${SHELL} /home/rtorrent/work/git/deluge_experiments_debian10/sources/libtorrent-rasterbar/1.2-wip/libtorrent-rasterbar-1.2.2/build-aux/missing aclocal-1.16'
AMDEPBACKSLASH=''
AMDEP_FALSE=''
AMDEP_TRUE='#'
AMTAR='$${TAR-tar}'
AM_BACKSLASH='\'
AM_DEFAULT_V='$(AM_DEFAULT_VERBOSITY)'
AM_DEFAULT_VERBOSITY='1'
AM_V='$(V)'
AR='ar'
AUTOCONF='${SHELL} /home/rtorrent/work/git/deluge_experiments_debian10/sources/libtorrent-rasterbar/1.2-wip/libtorrent-rasterbar-1.2.2/build-aux/missing autoconf'
AUTOHEADER='${SHELL} /home/rtorrent/work/git/deluge_experiments_debian10/sources/libtorrent-rasterbar/1.2-wip/libtorrent-rasterbar-1.2.2/build-aux/missing autoheader'
AUTOMAKE='${SHELL} /home/rtorrent/work/git/deluge_experiments_debian10/sources/libtorrent-rasterbar/1.2-wip/libtorrent-rasterbar-1.2.2/build-aux/missing automake-1.16'
AWK='gawk'
BOOST_CPPFLAGS='-I/usr/include'
BOOST_LDFLAGS='-L/usr/lib/x86_64-linux-gnu'
BOOST_PYTHON_LIB='-lboost_python27'
BOOST_SYSTEM_LIB='-lboost_system'
CC='gcc'
CCDEPMODE='depmode=none'
CFLAGS='-lpthread -g -O2 -fdebug-prefix-map=/home/rtorrent/work/git/deluge_experiments_debian10/sources/libtorrent-rasterbar/1.2-wip/libtorrent-rasterbar-1.2.2=. -fstack-protector-strong -Wformat -Werror=format-security -fvisibility=hidden'
COMPILETIME_OPTIONS=' -DTORRENT_USE_OPENSSL -DTORRENT_USE_LIBCRYPTO  -DBOOST_ASIO_HAS_STD_CHRONO=1  -DBOOST_EXCEPTION_DISABLE  -DBOOST_ASIO_ENABLE_CANCELIO  -DTORRENT_LINKING_SHARED '
CPP='gcc -E'
CPPFLAGS='-I/usr/include -Wdate-time -D_FORTIFY_SOURCE=2 -I/usr/include/python2.7 -I/usr/include/x86_64-linux-gnu/python2.7'
CXX='g++'
CXXCPP='g++ -E'
CXXDEPMODE='depmode=none'
CXXFLAGS='-g -O2 -fdebug-prefix-map=/home/rtorrent/work/git/deluge_experiments_debian10/sources/libtorrent-rasterbar/1.2-wip/libtorrent-rasterbar-1.2.2=. -fstack-protector-strong -Wformat -Werror=format-security -ftemplate-depth=512 -Wno-format-zero-length -fvisibility=hidden -fvisibility-inlines-hidden'
CYGPATH_W='echo'
DEBUGFLAGS='-g0 -Os'
DEFS='-DPACKAGE_NAME=\"libtorrent-rasterbar\" -DPACKAGE_TARNAME=\"libtorrent-rasterbar\" -DPACKAGE_VERSION=\"1.2.2\" -DPACKAGE_STRING=\"libtorrent-rasterbar\ 1.2.2\" -DPACKAGE_BUGREPORT=\"arvid@libtorrent.org\" -DPACKAGE_URL=\"http://www.libtorrent.org\" -DPACKAGE=\"libtorrent-rasterbar\" -DVERSION=\"1.2.2\" -DSTDC_HEADERS=1 -DHAVE_SYS_TYPES_H=1 -DHAVE_SYS_STAT_H=1 -DHAVE_STDLIB_H=1 -DHAVE_STRING_H=1 -DHAVE_MEMORY_H=1 -DHAVE_STRINGS_H=1 -DHAVE_INTTYPES_H=1 -DHAVE_STDINT_H=1 -DHAVE_UNISTD_H=1 -DHAVE_DLFCN_H=1 -DLT_OBJDIR=\".libs/\" -DHAVE_PTHREAD=1 -DHAVE_BOOST=/\*\*/ -DHAVE_CXX11=1 -DHAVE_BOOST_SYSTEM=/\*\*/ -DHAVE_CLOCK_GETTIME=1 -DNDEBUG=1 -DTORRENT_USE_INVARIANT_CHECKS=0 -DTORRENT_USE_OPENSSL=1 -DTORRENT_USE_LIBCRYPTO=1 -DHAVE_PYTHON=\"2.7\" -DHAVE_BOOST_PYTHON=/\*\*/ -DHAVE_ICONV=1 -DICONV_CONST= -DBOOST_ASIO_HAS_STD_CHRONO=1 -DBOOST_EXCEPTION_DISABLE=1 -DBOOST_ASIO_ENABLE_CANCELIO=1 -DTORRENT_BUILDING_SHARED=1'
DEPDIR='.deps'
DLLTOOL='false'
DSYMUTIL=''
DUMPBIN=''
ECHO_C=''
ECHO_N='-n'
ECHO_T=''
EGREP='/bin/grep -E'
ENABLE_DHT_FALSE='#'
ENABLE_DHT_TRUE=''
ENABLE_EXAMPLES_FALSE=''
ENABLE_EXAMPLES_TRUE='#'
ENABLE_PYTHON_BINDING_FALSE='#'
ENABLE_PYTHON_BINDING_TRUE=''
ENABLE_TESTS_FALSE=''
ENABLE_TESTS_TRUE='#'
EXEEXT=''
FGREP='/bin/grep -F'
GREP='/bin/grep'
HAVE_ANDROID_FALSE=''
HAVE_ANDROID_TRUE='#'
HAVE_CXX11='1'
HAVE_WINDOWS_FALSE=''
HAVE_WINDOWS_TRUE='#'
ICONV_LIBS=''
INSTALL_DATA='${INSTALL} -m 644'
INSTALL_PROGRAM='${INSTALL}'
INSTALL_SCRIPT='${INSTALL}'
INSTALL_STRIP_PROGRAM='$(install_sh) -c -s'
INTERFACE_VERSION_INFO='10:0:0'
LD='/usr/bin/ld -m elf_x86_64'
LDFLAGS='-L/usr/lib/x86_64-linux-gnu -Wl,-z,relro -Wl,--as-needed -fvisibility=hidden -fvisibility-inlines-hidden'
LIBICONV=''
LIBOBJS=''
LIBS=' -lboost_system -lpthread  '
LIBTOOL='$(SHELL) $(top_builddir)/libtool'
LIPO=''
LN_S='ln -s'
LTLIBICONV=''
LTLIBOBJS=''
LT_SYS_LIBRARY_PATH=''
MAINT='#'
MAINTAINER_MODE_FALSE=''
MAINTAINER_MODE_TRUE='#'
MAKEINFO='${SHELL} /home/rtorrent/work/git/deluge_experiments_debian10/sources/libtorrent-rasterbar/1.2-wip/libtorrent-rasterbar-1.2.2/build-aux/missing makeinfo'
MANIFEST_TOOL=':'
MKDIR_P='/bin/mkdir -p'
NM='/usr/bin/nm -B'
NMEDIT=''
OBJDUMP='objdump'
OBJEXT='o'
OPENSSL_INCLUDES=''
OPENSSL_LDFLAGS=''
OPENSSL_LIBS='-lssl -lcrypto'
OTOOL64=''
OTOOL=''
PACKAGE='libtorrent-rasterbar'
PACKAGE_BUGREPORT='arvid@libtorrent.org'
PACKAGE_NAME='libtorrent-rasterbar'
PACKAGE_STRING='libtorrent-rasterbar 1.2.2'
PACKAGE_TARNAME='libtorrent-rasterbar'
PACKAGE_URL='http://www.libtorrent.org'
PACKAGE_VERSION='1.2.2'
PATH_SEPARATOR=':'
PKG_CONFIG='/usr/bin/pkg-config'
PTHREAD_CC='gcc'
PTHREAD_CFLAGS='-lpthread'
PTHREAD_LIBS='-lpthread '
PYTHON='/usr/bin/python2.7'
PYTHON_CPPFLAGS='-I/usr/include/python2.7'
PYTHON_CXXFLAGS=' -Wno-deprecated-declarations'
PYTHON_EXEC_PREFIX='${exec_prefix}'
PYTHON_EXTRA_LDFLAGS='-lpthread -ldl  -lutil -lm'
PYTHON_EXTRA_LIBS='-Xlinker -export-dynamic -Wl,-O1 -Wl,-Bsymbolic-functions'
PYTHON_INSTALL_PARAMS='--root=/home/rtorrent/work/git/deluge_experiments_debian10/sources/libtorrent-rasterbar/1.2-wip/libtorrent-rasterbar-1.2.2/debian/tmp --install-layout=deb'
PYTHON_LIBS='-L/usr/lib -lpython2.7'
PYTHON_PLATFORM='linux2'
PYTHON_PREFIX='${prefix}'
PYTHON_SITE_PKG='/usr/lib/python2.7/dist-packages'
PYTHON_VERSION='2.7'
RANLIB='ranlib'
SED='/bin/sed'
SET_MAKE=''
SHELL='/bin/bash'
STRIP='strip'
VERSION='1.2.2'
WITH_OPENSSL_FALSE='#'
WITH_OPENSSL_TRUE=''
ac_ct_AR='ar'
ac_ct_CC='gcc'
ac_ct_CXX='g++'
ac_ct_DUMPBIN=''
am__EXEEXT_FALSE=''
am__EXEEXT_TRUE='#'
am__fastdepCC_FALSE=''
am__fastdepCC_TRUE='#'
am__fastdepCXX_FALSE=''
am__fastdepCXX_TRUE='#'
am__include='include'
am__isrc=' -I$(srcdir)'
am__leading_dot='.'
am__nodep=''
am__quote=''
am__tar='$${TAR-tar} chof - "$$tardir"'
am__untar='$${TAR-tar} xf -'
ax_pthread_config=''
bindir='${exec_prefix}/bin'
build='x86_64-pc-linux-gnu'
build_alias='x86_64-linux-gnu'
build_cpu='x86_64'
build_os='linux-gnu'
build_vendor='pc'
datadir='${datarootdir}'
datarootdir='${prefix}/share'
docdir='${datarootdir}/doc/${PACKAGE_TARNAME}'
dvidir='${docdir}'
exec_prefix='${prefix}'
host='x86_64-pc-linux-gnu'
host_alias=''
host_cpu='x86_64'
host_os='linux-gnu'
host_vendor='pc'
htmldir='${docdir}'
includedir='${prefix}/include'
infodir='${prefix}/share/info'
install_sh='${SHELL} /home/rtorrent/work/git/deluge_experiments_debian10/sources/libtorrent-rasterbar/1.2-wip/libtorrent-rasterbar-1.2.2/build-aux/install-sh'
libdir='${prefix}/lib/x86_64-linux-gnu'
libexecdir='${prefix}/lib/x86_64-linux-gnu'
localedir='${datarootdir}/locale'
localstatedir='/var'
mandir='${prefix}/share/man'
mkdir_p='$(MKDIR_P)'
oldincludedir='/usr/include'
pdfdir='${docdir}'
pkgpyexecdir='${pyexecdir}/libtorrent-rasterbar'
pkgpythondir='${pythondir}/libtorrent-rasterbar'
prefix='/usr'
program_transform_name='s,x,x,'
psdir='${docdir}'
pyexecdir='${exec_prefix}/lib/python2.7/dist-packages'
pythondir='${prefix}/lib/python2.7/dist-packages'
runstatedir='${localstatedir}/run'
sbindir='${exec_prefix}/sbin'
sharedstatedir='${prefix}/com'
sysconfdir='/etc'
target='x86_64-pc-linux-gnu'
target_alias=''
target_cpu='x86_64'
target_os='linux-gnu'
target_vendor='pc'

## ----------- ##
## confdefs.h. ##
## ----------- ##

/* confdefs.h */
#define PACKAGE_NAME "libtorrent-rasterbar"
#define PACKAGE_TARNAME "libtorrent-rasterbar"
#define PACKAGE_VERSION "1.2.2"
#define PACKAGE_STRING "libtorrent-rasterbar 1.2.2"
#define PACKAGE_BUGREPORT "arvid@libtorrent.org"
#define PACKAGE_URL "http://www.libtorrent.org"
#define PACKAGE "libtorrent-rasterbar"
#define VERSION "1.2.2"
#define STDC_HEADERS 1
#define HAVE_SYS_TYPES_H 1
#define HAVE_SYS_STAT_H 1
#define HAVE_STDLIB_H 1
#define HAVE_STRING_H 1
#define HAVE_MEMORY_H 1
#define HAVE_STRINGS_H 1
#define HAVE_INTTYPES_H 1
#define HAVE_STDINT_H 1
#define HAVE_UNISTD_H 1
#define HAVE_DLFCN_H 1
#define LT_OBJDIR ".libs/"
#define HAVE_PTHREAD 1
#define HAVE_BOOST /**/
#define HAVE_CXX11 1
#define HAVE_BOOST_SYSTEM /**/
#define HAVE_CLOCK_GETTIME 1
#define NDEBUG 1
#define TORRENT_USE_INVARIANT_CHECKS 0
#define TORRENT_USE_OPENSSL 1
#define TORRENT_USE_LIBCRYPTO 1
#define HAVE_PYTHON "2.7"
#define HAVE_BOOST_PYTHON /**/
#define HAVE_ICONV 1
#define ICONV_CONST 
#define BOOST_ASIO_HAS_STD_CHRONO 1
#define BOOST_EXCEPTION_DISABLE 1
#define BOOST_ASIO_ENABLE_CANCELIO 1
#define TORRENT_BUILDING_SHARED 1

configure: exit 0
